Using pre-set license
Built from '2020.2/staging' branch; Version is '2020.2.3f1 (8ff31bc5bf5b) revision 9433883'; Using compiler version '192528614'; Build Type 'Release'
OS: 'Windows 10 Home; OS build 19042.985; Version 2009; 64bit' Language: 'ru' Physical Memory: 8155 MB
BatchMode: 1, IsHumanControllingUs: 0, StartBugReporterOnCrash: 0, Is64bit: 1, IsPro: 0

 COMMAND LINE ARGUMENTS:
C:\Program Files\Unity\Hub\Editor\2020.2.3f1\Editor\Unity.exe
-adb2
-batchMode
-noUpm
-name
AssetImportWorker0
-projectPath
C:/Users/grisholq/Desktop/Unity/Projects/Projects/Humalution
-logFile
Logs/AssetImportWorker0.log
-srvPort
62811
Successfully changed project path to: C:/Users/grisholq/Desktop/Unity/Projects/Projects/Humalution
C:/Users/grisholq/Desktop/Unity/Projects/Projects/Humalution
Using Asset Import Pipeline V2.
Refreshing native plugins compatible for Editor in 29.06 ms, found 0 plugins.
Preloading 0 native plugins for Editor in 0.00 ms.
Initialize engine version: 2020.2.3f1 (8ff31bc5bf5b)
[Subsystems] Discovering subsystems at path C:/Program Files/Unity/Hub/Editor/2020.2.3f1/Editor/Data/Resources/UnitySubsystems
[Subsystems] Discovering subsystems at path C:/Users/grisholq/Desktop/Unity/Projects/Projects/Humalution/Assets
GfxDevice: creating device client; threaded=0
Direct3D:
    Version:  Direct3D 11.0 [level 11.1]
    Renderer: NVIDIA GeForce GTX 1050 Ti (ID=0x1c82)
    Vendor:   
    VRAM:     4018 MB
    Driver:   27.21.14.5671
Initialize mono
Mono path[0] = 'C:/Program Files/Unity/Hub/Editor/2020.2.3f1/Editor/Data/Managed'
Mono path[1] = 'C:/Program Files/Unity/Hub/Editor/2020.2.3f1/Editor/Data/MonoBleedingEdge/lib/mono/unityjit'
Mono config path = 'C:/Program Files/Unity/Hub/Editor/2020.2.3f1/Editor/Data/MonoBleedingEdge/etc'
Using monoOptions --debugger-agent=transport=dt_socket,embedding=1,server=y,suspend=n,address=127.0.0.1:56372
Begin MonoManager ReloadAssembly
Registering precompiled unity dll's ...
Register platform support module: C:/Program Files/Unity/Hub/Editor/2020.2.3f1/Editor/Data/PlaybackEngines/WindowsStandaloneSupport/UnityEditor.WindowsStandalone.Extensions.dll
Registered in 0.002504 seconds.
Native extension for WindowsStandalone target not found
Refreshing native plugins compatible for Editor in 28.46 ms, found 0 plugins.
Preloading 0 native plugins for Editor in 0.00 ms.
Invoked RoslynAnalysisRunner static constructor.
RoslynAnalysisRunner will not be running.
RoslynAnalysisRunner has terminated.
Mono: successfully reloaded assembly
- Completed reload, in  2.607 seconds
Platform modules already initialized, skipping
Registering precompiled user dll's ...
Registered in 0.000780 seconds.
Begin MonoManager ReloadAssembly
Native extension for WindowsStandalone target not found
Refreshing native plugins compatible for Editor in 0.29 ms, found 0 plugins.
Preloading 0 native plugins for Editor in 0.00 ms.
Invoked RoslynAnalysisRunner static constructor.
RoslynAnalysisRunner will not be running.
RoslynAnalysisRunner has terminated.
Mono: successfully reloaded assembly
- Completed reload, in  1.037 seconds
Platform modules already initialized, skipping
========================================================================
Worker process is ready to serve import requests
Launched and connected shader compiler UnityShaderCompiler.exe after 0.05 seconds
Refreshing native plugins compatible for Editor in 0.34 ms, found 0 plugins.
Preloading 0 native plugins for Editor in 0.00 ms.
Unloading 1080 Unused Serialized files (Serialized files now loaded: 0)
System memory in use before: 56.0 MB.
System memory in use after: 56.1 MB.

Unloading 9 unused Assets to reduce memory usage. Loaded Objects now: 1522.
Total: 2.198000 ms (FindLiveObjects: 0.221000 ms CreateObjectMapping: 0.056200 ms MarkObjects: 1.833700 ms  DeleteObjects: 0.084700 ms)

========================================================================
Received Import Request.
  path: Assets/Scripts/Map/TilesMapGenerator.cs
  artifactKey: Guid(0660c71684311cc45918e785944c26b7) Importer(815301076,1909f56bfc062723c751e8b465ee728b)
Start importing Assets/Scripts/Map/TilesMapGenerator.cs using Guid(0660c71684311cc45918e785944c26b7) Importer(815301076,1909f56bfc062723c751e8b465ee728b)  -> (artifact id: 'cf0d39271f4e2e92ffe9f777ca83fb0f') in 0.365212 seconds
  Import took 0.368248 seconds .

========================================================================
Received Import Request.
  Time since last request: 270.279068 seconds.
  path: Assets/Scripts/Tile/TilePopulator.cs
  artifactKey: Guid(773553131623f414c8d344810c81e5c6) Importer(815301076,1909f56bfc062723c751e8b465ee728b)
Start importing Assets/Scripts/Tile/TilePopulator.cs using Guid(773553131623f414c8d344810c81e5c6) Importer(815301076,1909f56bfc062723c751e8b465ee728b)  -> (artifact id: 'b4477167061e4d66d65e6702bfd80adb') in 0.010909 seconds
  Import took 0.023947 seconds .

========================================================================
Received Prepare
Registering precompiled user dll's ...
Registered in 0.000831 seconds.
Begin MonoManager ReloadAssembly
Native extension for WindowsStandalone target not found
Refreshing native plugins compatible for Editor in 0.32 ms, found 0 plugins.
Preloading 0 native plugins for Editor in 0.00 ms.
Invoked RoslynAnalysisRunner static constructor.
RoslynAnalysisRunner will not be running.
RoslynAnalysisRunner has terminated.
Mono: successfully reloaded assembly
- Completed reload, in  1.004 seconds
Platform modules already initialized, skipping
Refreshing native plugins compatible for Editor in 0.40 ms, found 0 plugins.
Preloading 0 native plugins for Editor in 0.00 ms.
Unloading 1075 Unused Serialized files (Serialized files now loaded: 0)
System memory in use before: 56.0 MB.
System memory in use after: 56.1 MB.

Unloading 4 unused Assets to reduce memory usage. Loaded Objects now: 1525.
Total: 1.963600 ms (FindLiveObjects: 0.155100 ms CreateObjectMapping: 0.049700 ms MarkObjects: 1.728800 ms  DeleteObjects: 0.027100 ms)

========================================================================
Received Import Request.
  Time since last request: 180.123423 seconds.
  path: Assets/Scripts/Tile/Terrain/TileTerrainData.cs
  artifactKey: Guid(a1c77336c2e473948afee2c338dfd906) Importer(815301076,1909f56bfc062723c751e8b465ee728b)
Start importing Assets/Scripts/Tile/Terrain/TileTerrainData.cs using Guid(a1c77336c2e473948afee2c338dfd906) Importer(815301076,1909f56bfc062723c751e8b465ee728b)  -> (artifact id: 'e8a1957d7754f3fe66816a0c0d822658') in 0.015101 seconds
  Import took 0.111711 seconds .

========================================================================
Received Prepare
Registering precompiled user dll's ...
Registered in 0.000890 seconds.
Begin MonoManager ReloadAssembly
Native extension for WindowsStandalone target not found
Refreshing native plugins compatible for Editor in 0.29 ms, found 0 plugins.
Preloading 0 native plugins for Editor in 0.00 ms.
Invoked RoslynAnalysisRunner static constructor.
RoslynAnalysisRunner will not be running.
RoslynAnalysisRunner has terminated.
Mono: successfully reloaded assembly
- Completed reload, in  1.074 seconds
Platform modules already initialized, skipping
Refreshing native plugins compatible for Editor in 0.31 ms, found 0 plugins.
Preloading 0 native plugins for Editor in 0.00 ms.
Unloading 1075 Unused Serialized files (Serialized files now loaded: 0)
System memory in use before: 56.0 MB.
System memory in use after: 56.1 MB.

Unloading 4 unused Assets to reduce memory usage. Loaded Objects now: 1527.
Total: 1.879900 ms (FindLiveObjects: 0.162700 ms CreateObjectMapping: 0.052300 ms MarkObjects: 1.637000 ms  DeleteObjects: 0.025800 ms)

========================================================================
Received Prepare
Registering precompiled user dll's ...
Registered in 0.000875 seconds.
Begin MonoManager ReloadAssembly
Native extension for WindowsStandalone target not found
Refreshing native plugins compatible for Editor in 0.30 ms, found 0 plugins.
Preloading 0 native plugins for Editor in 0.00 ms.
Invoked RoslynAnalysisRunner static constructor.
RoslynAnalysisRunner will not be running.
RoslynAnalysisRunner has terminated.
Mono: successfully reloaded assembly
- Completed reload, in  1.058 seconds
Platform modules already initialized, skipping
Refreshing native plugins compatible for Editor in 0.29 ms, found 0 plugins.
Preloading 0 native plugins for Editor in 0.00 ms.
Unloading 1075 Unused Serialized files (Serialized files now loaded: 0)
System memory in use before: 56.0 MB.
System memory in use after: 56.1 MB.

Unloading 4 unused Assets to reduce memory usage. Loaded Objects now: 1529.
Total: 1.998700 ms (FindLiveObjects: 0.363300 ms CreateObjectMapping: 0.059000 ms MarkObjects: 1.548900 ms  DeleteObjects: 0.025800 ms)

========================================================================
Received Prepare
Registering precompiled user dll's ...
Registered in 0.000940 seconds.
Begin MonoManager ReloadAssembly
Native extension for WindowsStandalone target not found
Refreshing native plugins compatible for Editor in 0.48 ms, found 0 plugins.
Preloading 0 native plugins for Editor in 0.00 ms.
Invoked RoslynAnalysisRunner static constructor.
RoslynAnalysisRunner will not be running.
RoslynAnalysisRunner has terminated.
Mono: successfully reloaded assembly
- Completed reload, in  1.146 seconds
Platform modules already initialized, skipping
Refreshing native plugins compatible for Editor in 0.31 ms, found 0 plugins.
Preloading 0 native plugins for Editor in 0.00 ms.
Unloading 1075 Unused Serialized files (Serialized files now loaded: 0)
System memory in use before: 56.0 MB.
System memory in use after: 56.1 MB.

Unloading 4 unused Assets to reduce memory usage. Loaded Objects now: 1531.
Total: 1.930600 ms (FindLiveObjects: 0.172100 ms CreateObjectMapping: 0.056600 ms MarkObjects: 1.674500 ms  DeleteObjects: 0.018800 ms)

========================================================================
Received Import Request.
  Time since last request: 730.252397 seconds.
  path: Packages/com.unity.textmeshpro
  artifactKey: Guid(cabaa672b0e3ee91fa7b6da4daab7970) Importer(815301076,1909f56bfc062723c751e8b465ee728b)
Start importing Packages/com.unity.textmeshpro using Guid(cabaa672b0e3ee91fa7b6da4daab7970) Importer(815301076,1909f56bfc062723c751e8b465ee728b)  -> (artifact id: '4d443570978a52dd40659c635a520747') in 0.014842 seconds
  Import took 0.018140 seconds .

========================================================================
Received Import Request.
  Time since last request: 4.336536 seconds.
  path: Packages/com.unity.textmeshpro/Tests
  artifactKey: Guid(2ce4bbcc4722440890a03312706037fe) Importer(815301076,1909f56bfc062723c751e8b465ee728b)
Start importing Packages/com.unity.textmeshpro/Tests using Guid(2ce4bbcc4722440890a03312706037fe) Importer(815301076,1909f56bfc062723c751e8b465ee728b)  -> (artifact id: 'e1270fde145f0f482d4d568e210fcc53') in 0.027489 seconds
  Import took 0.029943 seconds .

========================================================================
Received Import Request.
  Time since last request: 5.129964 seconds.
  path: Packages/com.unity.textmeshpro/Tests/Runtime
  artifactKey: Guid(114ee901710203147bd1e6b8555e3887) Importer(815301076,1909f56bfc062723c751e8b465ee728b)
Start importing Packages/com.unity.textmeshpro/Tests/Runtime using Guid(114ee901710203147bd1e6b8555e3887) Importer(815301076,1909f56bfc062723c751e8b465ee728b)  -> (artifact id: '36d38e7603fcff2ff6041902b1114ae0') in 0.010864 seconds
  Import took 0.019149 seconds .

========================================================================
Received Prepare
Registering precompiled user dll's ...
Registered in 0.001361 seconds.
Begin MonoManager ReloadAssembly
Native extension for WindowsStandalone target not found
Refreshing native plugins compatible for Editor in 0.30 ms, found 0 plugins.
Preloading 0 native plugins for Editor in 0.00 ms.
Invoked RoslynAnalysisRunner static constructor.
RoslynAnalysisRunner will not be running.
RoslynAnalysisRunner has terminated.
Mono: successfully reloaded assembly
- Completed reload, in  1.036 seconds
Platform modules already initialized, skipping
Refreshing native plugins compatible for Editor in 0.32 ms, found 0 plugins.
Preloading 0 native plugins for Editor in 0.00 ms.
Unloading 1088 Unused Serialized files (Serialized files now loaded: 0)
System memory in use before: 57.8 MB.
System memory in use after: 57.3 MB.

Unloading 17 unused Assets to reduce memory usage. Loaded Objects now: 1533.
Total: 2.285900 ms (FindLiveObjects: 0.198500 ms CreateObjectMapping: 0.048700 ms MarkObjects: 1.631800 ms  DeleteObjects: 0.397300 ms)

========================================================================
Received Prepare
Registering precompiled user dll's ...
Registered in 0.000960 seconds.
Begin MonoManager ReloadAssembly
Native extension for WindowsStandalone target not found
Refreshing native plugins compatible for Editor in 0.30 ms, found 0 plugins.
Preloading 0 native plugins for Editor in 0.00 ms.
Invoked RoslynAnalysisRunner static constructor.
RoslynAnalysisRunner will not be running.
RoslynAnalysisRunner has terminated.
Mono: successfully reloaded assembly
- Completed reload, in  1.019 seconds
Platform modules already initialized, skipping
Refreshing native plugins compatible for Editor in 0.30 ms, found 0 plugins.
Preloading 0 native plugins for Editor in 0.00 ms.
Unloading 1088 Unused Serialized files (Serialized files now loaded: 0)
System memory in use before: 57.8 MB.
System memory in use after: 57.3 MB.

Unloading 17 unused Assets to reduce memory usage. Loaded Objects now: 1535.
Total: 2.229900 ms (FindLiveObjects: 0.238100 ms CreateObjectMapping: 0.048900 ms MarkObjects: 1.522500 ms  DeleteObjects: 0.418900 ms)

========================================================================
Received Prepare
Registering precompiled user dll's ...
Registered in 0.000864 seconds.
Begin MonoManager ReloadAssembly
Native extension for WindowsStandalone target not found
Refreshing native plugins compatible for Editor in 0.31 ms, found 0 plugins.
Preloading 0 native plugins for Editor in 0.00 ms.
Invoked RoslynAnalysisRunner static constructor.
RoslynAnalysisRunner will not be running.
RoslynAnalysisRunner has terminated.
Mono: successfully reloaded assembly
- Completed reload, in  1.064 seconds
Platform modules already initialized, skipping
Refreshing native plugins compatible for Editor in 0.31 ms, found 0 plugins.
Preloading 0 native plugins for Editor in 0.00 ms.
Unloading 1088 Unused Serialized files (Serialized files now loaded: 0)
System memory in use before: 57.8 MB.
System memory in use after: 57.3 MB.

Unloading 17 unused Assets to reduce memory usage. Loaded Objects now: 1537.
Total: 2.378900 ms (FindLiveObjects: 0.183100 ms CreateObjectMapping: 0.059900 ms MarkObjects: 1.691200 ms  DeleteObjects: 0.442900 ms)

========================================================================
Received Prepare
Registering precompiled user dll's ...
Registered in 0.000939 seconds.
Begin MonoManager ReloadAssembly
Native extension for WindowsStandalone target not found
Refreshing native plugins compatible for Editor in 0.40 ms, found 0 plugins.
Preloading 0 native plugins for Editor in 0.00 ms.
Invoked RoslynAnalysisRunner static constructor.
RoslynAnalysisRunner will not be running.
RoslynAnalysisRunner has terminated.
Mono: successfully reloaded assembly
- Completed reload, in  1.016 seconds
Platform modules already initialized, skipping
Refreshing native plugins compatible for Editor in 0.30 ms, found 0 plugins.
Preloading 0 native plugins for Editor in 0.00 ms.
Unloading 1088 Unused Serialized files (Serialized files now loaded: 0)
System memory in use before: 57.8 MB.
System memory in use after: 57.3 MB.

Unloading 17 unused Assets to reduce memory usage. Loaded Objects now: 1539.
Total: 3.406000 ms (FindLiveObjects: 0.216300 ms CreateObjectMapping: 0.094400 ms MarkObjects: 2.658200 ms  DeleteObjects: 0.434500 ms)

========================================================================
Received Import Request.
  Time since last request: 1126.067833 seconds.
  path: Assets/Prefabs/Tile/Belongins.prefab
  artifactKey: Guid(8d3de227e7655e04191032a6d61b289e) Importer(815301076,1909f56bfc062723c751e8b465ee728b)
Start importing Assets/Prefabs/Tile/Belongins.prefab using Guid(8d3de227e7655e04191032a6d61b289e) Importer(815301076,1909f56bfc062723c751e8b465ee728b)  -> (artifact id: 'd4d9be98fd5fc277275ba0f34e0a6ef2') in 0.187500 seconds
  Import took 0.206443 seconds .

========================================================================
Received Import Request.
  Time since last request: 12.489305 seconds.
  path: Assets/Prefabs/Tile/PopulationText.prefab
  artifactKey: Guid(d55fea41e26b17348977d004f55691f5) Importer(815301076,1909f56bfc062723c751e8b465ee728b)
Start importing Assets/Prefabs/Tile/PopulationText.prefab using Guid(d55fea41e26b17348977d004f55691f5) Importer(815301076,1909f56bfc062723c751e8b465ee728b)  -> (artifact id: 'fa313c2cd32e9c70725cf686322f0b18') in 0.091023 seconds
  Import took 0.111620 seconds .

========================================================================
Received Import Request.
  Time since last request: 125.256669 seconds.
  path: Assets/Scripts/Player.cs
  artifactKey: Guid(15c1d10ad499c5144be02ee2d3ea6ab7) Importer(815301076,1909f56bfc062723c751e8b465ee728b)
Start importing Assets/Scripts/Player.cs using Guid(15c1d10ad499c5144be02ee2d3ea6ab7) Importer(815301076,1909f56bfc062723c751e8b465ee728b)  -> (artifact id: 'ac2aad5af569bc35c4ca839bd4b80309') in 0.009178 seconds
  Import took 0.012338 seconds .

========================================================================
Received Prepare
Registering precompiled user dll's ...
Registered in 0.001024 seconds.
Begin MonoManager ReloadAssembly
Native extension for WindowsStandalone target not found
Refreshing native plugins compatible for Editor in 0.29 ms, found 0 plugins.
Preloading 0 native plugins for Editor in 0.00 ms.
Invoked RoslynAnalysisRunner static constructor.
RoslynAnalysisRunner will not be running.
RoslynAnalysisRunner has terminated.
Mono: successfully reloaded assembly
- Completed reload, in  1.018 seconds
Platform modules already initialized, skipping
Refreshing native plugins compatible for Editor in 0.54 ms, found 0 plugins.
Preloading 0 native plugins for Editor in 0.00 ms.
Unloading 1089 Unused Serialized files (Serialized files now loaded: 0)
System memory in use before: 61.3 MB.
System memory in use after: 60.8 MB.

Unloading 17 unused Assets to reduce memory usage. Loaded Objects now: 1550.
Total: 3.389800 ms (FindLiveObjects: 0.289200 ms CreateObjectMapping: 0.062900 ms MarkObjects: 2.608500 ms  DeleteObjects: 0.426500 ms)

========================================================================
Received Import Request.
  Time since last request: 7.806580 seconds.
  path: Assets/Scripts/Player
  artifactKey: Guid(a15db54cf63d7b54d93146146ee46be8) Importer(815301076,1909f56bfc062723c751e8b465ee728b)
Start importing Assets/Scripts/Player using Guid(a15db54cf63d7b54d93146146ee46be8) Importer(815301076,1909f56bfc062723c751e8b465ee728b)  -> (artifact id: '3b69301bfc77fb3e855c41c5c9f4bc50') in 0.008958 seconds
  Import took 0.063026 seconds .

========================================================================
Received Prepare
Registering precompiled user dll's ...
Registered in 0.000941 seconds.
Begin MonoManager ReloadAssembly
Native extension for WindowsStandalone target not found
Refreshing native plugins compatible for Editor in 0.30 ms, found 0 plugins.
Preloading 0 native plugins for Editor in 0.00 ms.
Invoked RoslynAnalysisRunner static constructor.
RoslynAnalysisRunner will not be running.
RoslynAnalysisRunner has terminated.
Mono: successfully reloaded assembly
- Completed reload, in  1.042 seconds
Platform modules already initialized, skipping
Refreshing native plugins compatible for Editor in 0.29 ms, found 0 plugins.
Preloading 0 native plugins for Editor in 0.00 ms.
Unloading 1089 Unused Serialized files (Serialized files now loaded: 0)
System memory in use before: 61.3 MB.
System memory in use after: 60.8 MB.

Unloading 17 unused Assets to reduce memory usage. Loaded Objects now: 1552.
Total: 2.412900 ms (FindLiveObjects: 0.237700 ms CreateObjectMapping: 0.064000 ms MarkObjects: 1.667900 ms  DeleteObjects: 0.441500 ms)

========================================================================
Received Prepare
Registering precompiled user dll's ...
Registered in 0.000933 seconds.
Begin MonoManager ReloadAssembly
Native extension for WindowsStandalone target not found
Refreshing native plugins compatible for Editor in 0.32 ms, found 0 plugins.
Preloading 0 native plugins for Editor in 0.00 ms.
Invoked RoslynAnalysisRunner static constructor.
RoslynAnalysisRunner will not be running.
RoslynAnalysisRunner has terminated.
Mono: successfully reloaded assembly
- Completed reload, in  1.175 seconds
Platform modules already initialized, skipping
Refreshing native plugins compatible for Editor in 0.40 ms, found 0 plugins.
Preloading 0 native plugins for Editor in 0.00 ms.
Unloading 1089 Unused Serialized files (Serialized files now loaded: 0)
System memory in use before: 61.3 MB.
System memory in use after: 60.8 MB.

Unloading 17 unused Assets to reduce memory usage. Loaded Objects now: 1554.
Total: 2.263300 ms (FindLiveObjects: 0.217500 ms CreateObjectMapping: 0.048600 ms MarkObjects: 1.557200 ms  DeleteObjects: 0.438300 ms)

========================================================================
Received Import Request.
  Time since last request: 285.543151 seconds.
  path: Assets/Scripts/Player/PlayerData.cs
  artifactKey: Guid(15c1d10ad499c5144be02ee2d3ea6ab7) Importer(815301076,1909f56bfc062723c751e8b465ee728b)
Start importing Assets/Scripts/Player/PlayerData.cs using Guid(15c1d10ad499c5144be02ee2d3ea6ab7) Importer(815301076,1909f56bfc062723c751e8b465ee728b)  -> (artifact id: 'facb37d00760d1ddbbd977d68a3e922b') in 0.013243 seconds
  Import took 0.016342 seconds .

========================================================================
Received Import Request.
  Time since last request: 6.898535 seconds.
  path: Assets/Scripts/Tile/TileOwnerShower.cs
  artifactKey: Guid(4879cfc0c02d7e74684a154a242e2db4) Importer(815301076,1909f56bfc062723c751e8b465ee728b)
Start importing Assets/Scripts/Tile/TileOwnerShower.cs using Guid(4879cfc0c02d7e74684a154a242e2db4) Importer(815301076,1909f56bfc062723c751e8b465ee728b)  -> (artifact id: '384c3912898bbcbce062cffdeef0b634') in 0.009478 seconds
  Import took 0.027912 seconds .

========================================================================
Received Prepare
Registering precompiled user dll's ...
Registered in 0.000851 seconds.
Begin MonoManager ReloadAssembly
Native extension for WindowsStandalone target not found
Refreshing native plugins compatible for Editor in 0.49 ms, found 0 plugins.
Preloading 0 native plugins for Editor in 0.00 ms.
Invoked RoslynAnalysisRunner static constructor.
RoslynAnalysisRunner will not be running.
RoslynAnalysisRunner has terminated.
Mono: successfully reloaded assembly
- Completed reload, in  1.016 seconds
Platform modules already initialized, skipping
Refreshing native plugins compatible for Editor in 0.30 ms, found 0 plugins.
Preloading 0 native plugins for Editor in 0.00 ms.
Unloading 1090 Unused Serialized files (Serialized files now loaded: 0)
System memory in use before: 61.3 MB.
System memory in use after: 60.8 MB.

Unloading 17 unused Assets to reduce memory usage. Loaded Objects now: 1557.
Total: 2.415300 ms (FindLiveObjects: 0.208500 ms CreateObjectMapping: 0.075000 ms MarkObjects: 1.708900 ms  DeleteObjects: 0.421200 ms)

========================================================================
Received Import Request.
  Time since last request: 14.359518 seconds.
  path: Assets/Scripts/Tile/TilePopulator.cs
  artifactKey: Guid(773553131623f414c8d344810c81e5c6) Importer(815301076,1909f56bfc062723c751e8b465ee728b)
Start importing Assets/Scripts/Tile/TilePopulator.cs using Guid(773553131623f414c8d344810c81e5c6) Importer(815301076,1909f56bfc062723c751e8b465ee728b)  -> (artifact id: '998b87cc10d03e13c67213be5ae8bb17') in 0.010133 seconds
  Import took 0.023565 seconds .

========================================================================
Received Prepare
Registering precompiled user dll's ...
Registered in 0.000913 seconds.
Begin MonoManager ReloadAssembly
Native extension for WindowsStandalone target not found
Refreshing native plugins compatible for Editor in 0.38 ms, found 0 plugins.
Preloading 0 native plugins for Editor in 0.00 ms.
Invoked RoslynAnalysisRunner static constructor.
RoslynAnalysisRunner will not be running.
RoslynAnalysisRunner has terminated.
Mono: successfully reloaded assembly
- Completed reload, in  1.075 seconds
Platform modules already initialized, skipping
Refreshing native plugins compatible for Editor in 0.33 ms, found 0 plugins.
Preloading 0 native plugins for Editor in 0.00 ms.
Unloading 1090 Unused Serialized files (Serialized files now loaded: 0)
System memory in use before: 61.4 MB.
System memory in use after: 60.8 MB.

Unloading 17 unused Assets to reduce memory usage. Loaded Objects now: 1559.
Total: 2.485700 ms (FindLiveObjects: 0.308700 ms CreateObjectMapping: 0.071400 ms MarkObjects: 1.685200 ms  DeleteObjects: 0.419000 ms)

========================================================================
Received Prepare
Registering precompiled user dll's ...
Registered in 0.000915 seconds.
Begin MonoManager ReloadAssembly
Native extension for WindowsStandalone target not found
Refreshing native plugins compatible for Editor in 0.37 ms, found 0 plugins.
Preloading 0 native plugins for Editor in 0.00 ms.
Invoked RoslynAnalysisRunner static constructor.
RoslynAnalysisRunner will not be running.
RoslynAnalysisRunner has terminated.
Mono: successfully reloaded assembly
- Completed reload, in  1.220 seconds
Platform modules already initialized, skipping
Refreshing native plugins compatible for Editor in 0.31 ms, found 0 plugins.
Preloading 0 native plugins for Editor in 0.00 ms.
Unloading 1090 Unused Serialized files (Serialized files now loaded: 0)
System memory in use before: 61.4 MB.
System memory in use after: 60.9 MB.

Unloading 17 unused Assets to reduce memory usage. Loaded Objects now: 1561.
Total: 2.181400 ms (FindLiveObjects: 0.158600 ms CreateObjectMapping: 0.065200 ms MarkObjects: 1.534100 ms  DeleteObjects: 0.422100 ms)

========================================================================
Received Import Request.
  Time since last request: 561.615866 seconds.
  path: Assets/Scripts/Tile/TileOwnerMarker.cs
  artifactKey: Guid(e91ac7dee24f2154ab17565fc1ee9b7d) Importer(815301076,1909f56bfc062723c751e8b465ee728b)
Start importing Assets/Scripts/Tile/TileOwnerMarker.cs using Guid(e91ac7dee24f2154ab17565fc1ee9b7d) Importer(815301076,1909f56bfc062723c751e8b465ee728b)  -> (artifact id: 'd957aeabbccf584297c50d9ac38f7a6b') in 0.012696 seconds
  Import took 0.015860 seconds .

========================================================================
Received Import Request.
  Time since last request: 90.247164 seconds.
  path: Assets/Scripts/Tile/TileOwnerMarker.cs
  artifactKey: Guid(e91ac7dee24f2154ab17565fc1ee9b7d) Importer(815301076,1909f56bfc062723c751e8b465ee728b)
Start importing Assets/Scripts/Tile/TileOwnerMarker.cs using Guid(e91ac7dee24f2154ab17565fc1ee9b7d) Importer(815301076,1909f56bfc062723c751e8b465ee728b)  -> (artifact id: '424206e8b2d242423c0b90804b5390e5') in 0.017964 seconds
  Import took 0.028834 seconds .

========================================================================
Received Prepare
Registering precompiled user dll's ...
Registered in 0.000908 seconds.
Begin MonoManager ReloadAssembly
Native extension for WindowsStandalone target not found
Refreshing native plugins compatible for Editor in 0.30 ms, found 0 plugins.
Preloading 0 native plugins for Editor in 0.00 ms.
Invoked RoslynAnalysisRunner static constructor.
RoslynAnalysisRunner will not be running.
RoslynAnalysisRunner has terminated.
Mono: successfully reloaded assembly
- Completed reload, in  1.003 seconds
Platform modules already initialized, skipping
Refreshing native plugins compatible for Editor in 0.31 ms, found 0 plugins.
Preloading 0 native plugins for Editor in 0.00 ms.
Unloading 1091 Unused Serialized files (Serialized files now loaded: 0)
System memory in use before: 61.4 MB.
System memory in use after: 60.9 MB.

Unloading 17 unused Assets to reduce memory usage. Loaded Objects now: 1564.
Total: 2.321100 ms (FindLiveObjects: 0.238500 ms CreateObjectMapping: 0.071300 ms MarkObjects: 1.584200 ms  DeleteObjects: 0.425500 ms)

========================================================================
Received Prepare
Registering precompiled user dll's ...
Registered in 0.000871 seconds.
Begin MonoManager ReloadAssembly
Native extension for WindowsStandalone target not found
Refreshing native plugins compatible for Editor in 0.29 ms, found 0 plugins.
Preloading 0 native plugins for Editor in 0.00 ms.
Invoked RoslynAnalysisRunner static constructor.
RoslynAnalysisRunner will not be running.
RoslynAnalysisRunner has terminated.
Mono: successfully reloaded assembly
- Completed reload, in  1.033 seconds
Platform modules already initialized, skipping
Refreshing native plugins compatible for Editor in 0.31 ms, found 0 plugins.
Preloading 0 native plugins for Editor in 0.00 ms.
Unloading 1091 Unused Serialized files (Serialized files now loaded: 0)
System memory in use before: 61.4 MB.
System memory in use after: 60.9 MB.

Unloading 17 unused Assets to reduce memory usage. Loaded Objects now: 1566.
Total: 2.498400 ms (FindLiveObjects: 0.153500 ms CreateObjectMapping: 0.053000 ms MarkObjects: 1.859900 ms  DeleteObjects: 0.430200 ms)

========================================================================
Received Prepare
Registering precompiled user dll's ...
Registered in 0.001292 seconds.
Begin MonoManager ReloadAssembly
Native extension for WindowsStandalone target not found
Refreshing native plugins compatible for Editor in 0.34 ms, found 0 plugins.
Preloading 0 native plugins for Editor in 0.00 ms.
Invoked RoslynAnalysisRunner static constructor.
RoslynAnalysisRunner will not be running.
RoslynAnalysisRunner has terminated.
Mono: successfully reloaded assembly
- Completed reload, in  1.048 seconds
Platform modules already initialized, skipping
Refreshing native plugins compatible for Editor in 0.33 ms, found 0 plugins.
Preloading 0 native plugins for Editor in 0.00 ms.
Unloading 1091 Unused Serialized files (Serialized files now loaded: 0)
System memory in use before: 61.4 MB.
System memory in use after: 60.9 MB.

Unloading 17 unused Assets to reduce memory usage. Loaded Objects now: 1568.
Total: 2.268000 ms (FindLiveObjects: 0.187200 ms CreateObjectMapping: 0.050200 ms MarkObjects: 1.622100 ms  DeleteObjects: 0.406900 ms)

========================================================================
Received Import Request.
  Time since last request: 422.485011 seconds.
  path: Assets/Prefabs/Tile/OwnerMarker.prefab
  artifactKey: Guid(6a98229ff967cd640a34b28f8ff3c618) Importer(815301076,1909f56bfc062723c751e8b465ee728b)
Start importing Assets/Prefabs/Tile/OwnerMarker.prefab using Guid(6a98229ff967cd640a34b28f8ff3c618) Importer(815301076,1909f56bfc062723c751e8b465ee728b)  -> (artifact id: '53ad07e7544959bf5a383a62ef6ced0d') in 0.102262 seconds
  Import took 0.115544 seconds .

========================================================================
Received Prepare
Registering precompiled user dll's ...
Registered in 0.000897 seconds.
Begin MonoManager ReloadAssembly
Native extension for WindowsStandalone target not found
Refreshing native plugins compatible for Editor in 0.30 ms, found 0 plugins.
Preloading 0 native plugins for Editor in 0.00 ms.
Invoked RoslynAnalysisRunner static constructor.
RoslynAnalysisRunner will not be running.
RoslynAnalysisRunner has terminated.
Mono: successfully reloaded assembly
- Completed reload, in  0.969 seconds
Platform modules already initialized, skipping
Refreshing native plugins compatible for Editor in 0.32 ms, found 0 plugins.
Preloading 0 native plugins for Editor in 0.00 ms.
Unloading 1091 Unused Serialized files (Serialized files now loaded: 0)
System memory in use before: 61.4 MB.
System memory in use after: 60.9 MB.

Unloading 17 unused Assets to reduce memory usage. Loaded Objects now: 1571.
Total: 2.529900 ms (FindLiveObjects: 0.165700 ms CreateObjectMapping: 0.047900 ms MarkObjects: 1.828500 ms  DeleteObjects: 0.486000 ms)

========================================================================
Received Prepare
Registering precompiled user dll's ...
Registered in 0.000857 seconds.
Begin MonoManager ReloadAssembly
Native extension for WindowsStandalone target not found
Refreshing native plugins compatible for Editor in 0.30 ms, found 0 plugins.
Preloading 0 native plugins for Editor in 0.00 ms.
Invoked RoslynAnalysisRunner static constructor.
RoslynAnalysisRunner will not be running.
RoslynAnalysisRunner has terminated.
Mono: successfully reloaded assembly
- Completed reload, in  1.047 seconds
Platform modules already initialized, skipping
Refreshing native plugins compatible for Editor in 0.33 ms, found 0 plugins.
Preloading 0 native plugins for Editor in 0.00 ms.
Unloading 1091 Unused Serialized files (Serialized files now loaded: 0)
System memory in use before: 61.4 MB.
System memory in use after: 60.9 MB.

Unloading 17 unused Assets to reduce memory usage. Loaded Objects now: 1573.
Total: 2.362200 ms (FindLiveObjects: 0.152400 ms CreateObjectMapping: 0.050600 ms MarkObjects: 1.701800 ms  DeleteObjects: 0.455900 ms)

========================================================================
Received Prepare
Registering precompiled user dll's ...
Registered in 0.000808 seconds.
Begin MonoManager ReloadAssembly
Native extension for WindowsStandalone target not found
Refreshing native plugins compatible for Editor in 0.29 ms, found 0 plugins.
Preloading 0 native plugins for Editor in 0.00 ms.
Invoked RoslynAnalysisRunner static constructor.
RoslynAnalysisRunner will not be running.
RoslynAnalysisRunner has terminated.
Mono: successfully reloaded assembly
- Completed reload, in  0.966 seconds
Platform modules already initialized, skipping
Refreshing native plugins compatible for Editor in 0.31 ms, found 0 plugins.
Preloading 0 native plugins for Editor in 0.00 ms.
Unloading 1091 Unused Serialized files (Serialized files now loaded: 0)
System memory in use before: 61.4 MB.
System memory in use after: 60.9 MB.

Unloading 17 unused Assets to reduce memory usage. Loaded Objects now: 1575.
Total: 2.296300 ms (FindLiveObjects: 0.190700 ms CreateObjectMapping: 0.060400 ms MarkObjects: 1.628300 ms  DeleteObjects: 0.415100 ms)

========================================================================
Received Prepare
Registering precompiled user dll's ...
Registered in 0.001013 seconds.
Begin MonoManager ReloadAssembly
Native extension for WindowsStandalone target not found
Refreshing native plugins compatible for Editor in 0.47 ms, found 0 plugins.
Preloading 0 native plugins for Editor in 0.00 ms.
Invoked RoslynAnalysisRunner static constructor.
RoslynAnalysisRunner will not be running.
RoslynAnalysisRunner has terminated.
Mono: successfully reloaded assembly
- Completed reload, in  1.131 seconds
Platform modules already initialized, skipping
Refreshing native plugins compatible for Editor in 0.30 ms, found 0 plugins.
Preloading 0 native plugins for Editor in 0.00 ms.
Unloading 1091 Unused Serialized files (Serialized files now loaded: 0)
System memory in use before: 61.4 MB.
System memory in use after: 60.9 MB.

Unloading 17 unused Assets to reduce memory usage. Loaded Objects now: 1577.
Total: 2.181900 ms (FindLiveObjects: 0.144200 ms CreateObjectMapping: 0.048100 ms MarkObjects: 1.568700 ms  DeleteObjects: 0.419600 ms)

========================================================================
Received Prepare
Registering precompiled user dll's ...
Registered in 0.000904 seconds.
Begin MonoManager ReloadAssembly
Native extension for WindowsStandalone target not found
Refreshing native plugins compatible for Editor in 0.29 ms, found 0 plugins.
Preloading 0 native plugins for Editor in 0.00 ms.
Invoked RoslynAnalysisRunner static constructor.
RoslynAnalysisRunner will not be running.
RoslynAnalysisRunner has terminated.
Mono: successfully reloaded assembly
- Completed reload, in  1.025 seconds
Platform modules already initialized, skipping
Refreshing native plugins compatible for Editor in 0.31 ms, found 0 plugins.
Preloading 0 native plugins for Editor in 0.00 ms.
Unloading 1091 Unused Serialized files (Serialized files now loaded: 0)
System memory in use before: 61.4 MB.
System memory in use after: 60.9 MB.

Unloading 17 unused Assets to reduce memory usage. Loaded Objects now: 1579.
Total: 2.810900 ms (FindLiveObjects: 0.301700 ms CreateObjectMapping: 0.076900 ms MarkObjects: 1.858100 ms  DeleteObjects: 0.571900 ms)

========================================================================
Received Prepare
Registering precompiled user dll's ...
Registered in 0.000871 seconds.
Begin MonoManager ReloadAssembly
Native extension for WindowsStandalone target not found
Refreshing native plugins compatible for Editor in 0.29 ms, found 0 plugins.
Preloading 0 native plugins for Editor in 0.00 ms.
Invoked RoslynAnalysisRunner static constructor.
RoslynAnalysisRunner will not be running.
RoslynAnalysisRunner has terminated.
Mono: successfully reloaded assembly
- Completed reload, in  1.016 seconds
Platform modules already initialized, skipping
Refreshing native plugins compatible for Editor in 0.31 ms, found 0 plugins.
Preloading 0 native plugins for Editor in 0.00 ms.
Unloading 1091 Unused Serialized files (Serialized files now loaded: 0)
System memory in use before: 61.4 MB.
System memory in use after: 60.9 MB.

Unloading 17 unused Assets to reduce memory usage. Loaded Objects now: 1581.
Total: 2.177100 ms (FindLiveObjects: 0.177700 ms CreateObjectMapping: 0.050100 ms MarkObjects: 1.522500 ms  DeleteObjects: 0.424800 ms)

========================================================================
Received Prepare
Registering precompiled user dll's ...
Registered in 0.000891 seconds.
Begin MonoManager ReloadAssembly
Native extension for WindowsStandalone target not found
Refreshing native plugins compatible for Editor in 0.31 ms, found 0 plugins.
Preloading 0 native plugins for Editor in 0.00 ms.
Invoked RoslynAnalysisRunner static constructor.
RoslynAnalysisRunner will not be running.
RoslynAnalysisRunner has terminated.
Mono: successfully reloaded assembly
- Completed reload, in  0.992 seconds
Platform modules already initialized, skipping
Refreshing native plugins compatible for Editor in 0.31 ms, found 0 plugins.
Preloading 0 native plugins for Editor in 0.00 ms.
Unloading 1091 Unused Serialized files (Serialized files now loaded: 0)
System memory in use before: 61.4 MB.
System memory in use after: 60.9 MB.

Unloading 17 unused Assets to reduce memory usage. Loaded Objects now: 1583.
Total: 2.373400 ms (FindLiveObjects: 0.184000 ms CreateObjectMapping: 0.051000 ms MarkObjects: 1.718000 ms  DeleteObjects: 0.418600 ms)

========================================================================
Received Prepare
Registering precompiled user dll's ...
Registered in 0.000852 seconds.
Begin MonoManager ReloadAssembly
Native extension for WindowsStandalone target not found
Refreshing native plugins compatible for Editor in 0.30 ms, found 0 plugins.
Preloading 0 native plugins for Editor in 0.00 ms.
Invoked RoslynAnalysisRunner static constructor.
RoslynAnalysisRunner will not be running.
RoslynAnalysisRunner has terminated.
Mono: successfully reloaded assembly
- Completed reload, in  1.015 seconds
Platform modules already initialized, skipping
Refreshing native plugins compatible for Editor in 0.29 ms, found 0 plugins.
Preloading 0 native plugins for Editor in 0.00 ms.
Unloading 1091 Unused Serialized files (Serialized files now loaded: 0)
System memory in use before: 61.4 MB.
System memory in use after: 60.9 MB.

Unloading 17 unused Assets to reduce memory usage. Loaded Objects now: 1585.
Total: 2.367500 ms (FindLiveObjects: 0.175400 ms CreateObjectMapping: 0.052800 ms MarkObjects: 1.703000 ms  DeleteObjects: 0.434500 ms)

========================================================================
Received Prepare
Registering precompiled user dll's ...
Registered in 0.000852 seconds.
Begin MonoManager ReloadAssembly
Native extension for WindowsStandalone target not found
Refreshing native plugins compatible for Editor in 0.31 ms, found 0 plugins.
Preloading 0 native plugins for Editor in 0.00 ms.
Invoked RoslynAnalysisRunner static constructor.
RoslynAnalysisRunner will not be running.
RoslynAnalysisRunner has terminated.
Mono: successfully reloaded assembly
- Completed reload, in  1.036 seconds
Platform modules already initialized, skipping
Refreshing native plugins compatible for Editor in 0.35 ms, found 0 plugins.
Preloading 0 native plugins for Editor in 0.00 ms.
Unloading 1091 Unused Serialized files (Serialized files now loaded: 0)
System memory in use before: 61.5 MB.
System memory in use after: 60.9 MB.

Unloading 17 unused Assets to reduce memory usage. Loaded Objects now: 1587.
Total: 2.376500 ms (FindLiveObjects: 0.173300 ms CreateObjectMapping: 0.053000 ms MarkObjects: 1.732800 ms  DeleteObjects: 0.415600 ms)

========================================================================
Received Prepare
Registering precompiled user dll's ...
Registered in 0.000995 seconds.
Begin MonoManager ReloadAssembly
Native extension for WindowsStandalone target not found
Refreshing native plugins compatible for Editor in 0.29 ms, found 0 plugins.
Preloading 0 native plugins for Editor in 0.00 ms.
Invoked RoslynAnalysisRunner static constructor.
RoslynAnalysisRunner will not be running.
RoslynAnalysisRunner has terminated.
Mono: successfully reloaded assembly
- Completed reload, in  0.987 seconds
Platform modules already initialized, skipping
Refreshing native plugins compatible for Editor in 0.32 ms, found 0 plugins.
Preloading 0 native plugins for Editor in 0.00 ms.
Unloading 1091 Unused Serialized files (Serialized files now loaded: 0)
System memory in use before: 61.5 MB.
System memory in use after: 60.9 MB.

Unloading 17 unused Assets to reduce memory usage. Loaded Objects now: 1589.
Total: 3.733300 ms (FindLiveObjects: 0.292100 ms CreateObjectMapping: 0.068900 ms MarkObjects: 2.684400 ms  DeleteObjects: 0.685500 ms)

========================================================================
Received Prepare
Registering precompiled user dll's ...
Registered in 0.000829 seconds.
Begin MonoManager ReloadAssembly
Native extension for WindowsStandalone target not found
Refreshing native plugins compatible for Editor in 0.34 ms, found 0 plugins.
Preloading 0 native plugins for Editor in 0.00 ms.
Invoked RoslynAnalysisRunner static constructor.
RoslynAnalysisRunner will not be running.
RoslynAnalysisRunner has terminated.
Mono: successfully reloaded assembly
- Completed reload, in  0.981 seconds
Platform modules already initialized, skipping
Refreshing native plugins compatible for Editor in 0.30 ms, found 0 plugins.
Preloading 0 native plugins for Editor in 0.00 ms.
Unloading 1091 Unused Serialized files (Serialized files now loaded: 0)
System memory in use before: 61.5 MB.
System memory in use after: 61.0 MB.

Unloading 17 unused Assets to reduce memory usage. Loaded Objects now: 1591.
Total: 2.434000 ms (FindLiveObjects: 0.193300 ms CreateObjectMapping: 0.052100 ms MarkObjects: 1.754900 ms  DeleteObjects: 0.432100 ms)

========================================================================
Received Prepare
Registering precompiled user dll's ...
Registered in 0.001446 seconds.
Begin MonoManager ReloadAssembly
Native extension for WindowsStandalone target not found
Refreshing native plugins compatible for Editor in 0.30 ms, found 0 plugins.
Preloading 0 native plugins for Editor in 0.00 ms.
Invoked RoslynAnalysisRunner static constructor.
RoslynAnalysisRunner will not be running.
RoslynAnalysisRunner has terminated.
Mono: successfully reloaded assembly
- Completed reload, in  1.013 seconds
Platform modules already initialized, skipping
Refreshing native plugins compatible for Editor in 0.30 ms, found 0 plugins.
Preloading 0 native plugins for Editor in 0.00 ms.
Unloading 1091 Unused Serialized files (Serialized files now loaded: 0)
System memory in use before: 61.5 MB.
System memory in use after: 61.0 MB.

Unloading 17 unused Assets to reduce memory usage. Loaded Objects now: 1593.
Total: 2.440500 ms (FindLiveObjects: 0.244600 ms CreateObjectMapping: 0.050200 ms MarkObjects: 1.725900 ms  DeleteObjects: 0.418400 ms)

========================================================================
Received Prepare
Registering precompiled user dll's ...
Registered in 0.000994 seconds.
Begin MonoManager ReloadAssembly
Native extension for WindowsStandalone target not found
Refreshing native plugins compatible for Editor in 0.33 ms, found 0 plugins.
Preloading 0 native plugins for Editor in 0.00 ms.
Invoked RoslynAnalysisRunner static constructor.
RoslynAnalysisRunner will not be running.
RoslynAnalysisRunner has terminated.
Mono: successfully reloaded assembly
- Completed reload, in  1.382 seconds
Platform modules already initialized, skipping
Refreshing native plugins compatible for Editor in 0.39 ms, found 0 plugins.
Preloading 0 native plugins for Editor in 0.00 ms.
Unloading 1092 Unused Serialized files (Serialized files now loaded: 0)
System memory in use before: 61.5 MB.
System memory in use after: 61.0 MB.

Unloading 17 unused Assets to reduce memory usage. Loaded Objects now: 1596.
Total: 2.783000 ms (FindLiveObjects: 0.317900 ms CreateObjectMapping: 0.079000 ms MarkObjects: 1.918500 ms  DeleteObjects: 0.464900 ms)

========================================================================
Received Prepare
Registering precompiled user dll's ...
Registered in 0.000935 seconds.
Begin MonoManager ReloadAssembly
Native extension for WindowsStandalone target not found
Refreshing native plugins compatible for Editor in 0.30 ms, found 0 plugins.
Preloading 0 native plugins for Editor in 0.00 ms.
Invoked RoslynAnalysisRunner static constructor.
RoslynAnalysisRunner will not be running.
RoslynAnalysisRunner has terminated.
Mono: successfully reloaded assembly
- Completed reload, in  1.162 seconds
Platform modules already initialized, skipping
Refreshing native plugins compatible for Editor in 0.32 ms, found 0 plugins.
Preloading 0 native plugins for Editor in 0.00 ms.
Unloading 1092 Unused Serialized files (Serialized files now loaded: 0)
System memory in use before: 61.5 MB.
System memory in use after: 61.0 MB.

Unloading 17 unused Assets to reduce memory usage. Loaded Objects now: 1598.
Total: 2.352000 ms (FindLiveObjects: 0.179700 ms CreateObjectMapping: 0.052700 ms MarkObjects: 1.698900 ms  DeleteObjects: 0.419300 ms)

========================================================================
Received Import Request.
  Time since last request: 1638.102438 seconds.
  path: Assets/Scripts/Tile/TileNeigh.cs
  artifactKey: Guid(1a723f63221ec624288fbd33655e56d9) Importer(815301076,1909f56bfc062723c751e8b465ee728b)
Start importing Assets/Scripts/Tile/TileNeigh.cs using Guid(1a723f63221ec624288fbd33655e56d9) Importer(815301076,1909f56bfc062723c751e8b465ee728b)  -> (artifact id: '2006feb8bd8751f9b5d45dfb966c9ca1') in 0.013980 seconds
  Import took 0.041103 seconds .

========================================================================
Received Prepare
Registering precompiled user dll's ...
Registered in 0.000914 seconds.
Begin MonoManager ReloadAssembly
Native extension for WindowsStandalone target not found
Refreshing native plugins compatible for Editor in 0.31 ms, found 0 plugins.
Preloading 0 native plugins for Editor in 0.00 ms.
Invoked RoslynAnalysisRunner static constructor.
RoslynAnalysisRunner will not be running.
RoslynAnalysisRunner has terminated.
Mono: successfully reloaded assembly
- Completed reload, in  1.262 seconds
Platform modules already initialized, skipping
Refreshing native plugins compatible for Editor in 0.30 ms, found 0 plugins.
Preloading 0 native plugins for Editor in 0.00 ms.
Unloading 1092 Unused Serialized files (Serialized files now loaded: 0)
System memory in use before: 61.5 MB.
System memory in use after: 61.0 MB.

Unloading 17 unused Assets to reduce memory usage. Loaded Objects now: 1600.
Total: 2.290700 ms (FindLiveObjects: 0.190000 ms CreateObjectMapping: 0.050600 ms MarkObjects: 1.600000 ms  DeleteObjects: 0.448400 ms)

========================================================================
Received Import Request.
  Time since last request: 117.087787 seconds.
  path: Assets/Scripts/Tile/TileNeighboorData.cs
  artifactKey: Guid(1a723f63221ec624288fbd33655e56d9) Importer(815301076,1909f56bfc062723c751e8b465ee728b)
Start importing Assets/Scripts/Tile/TileNeighboorData.cs using Guid(1a723f63221ec624288fbd33655e56d9) Importer(815301076,1909f56bfc062723c751e8b465ee728b)  -> (artifact id: 'b1627008e307e90d412ca9d6857cbd17') in 0.013166 seconds
  Import took 0.015732 seconds .

========================================================================
Received Prepare
Registering precompiled user dll's ...
Registered in 0.001453 seconds.
Begin MonoManager ReloadAssembly
Native extension for WindowsStandalone target not found
Refreshing native plugins compatible for Editor in 0.30 ms, found 0 plugins.
Preloading 0 native plugins for Editor in 0.00 ms.
Invoked RoslynAnalysisRunner static constructor.
RoslynAnalysisRunner will not be running.
RoslynAnalysisRunner has terminated.
Mono: successfully reloaded assembly
- Completed reload, in  1.076 seconds
Platform modules already initialized, skipping
Refreshing native plugins compatible for Editor in 0.31 ms, found 0 plugins.
Preloading 0 native plugins for Editor in 0.00 ms.
Unloading 1092 Unused Serialized files (Serialized files now loaded: 0)
System memory in use before: 61.5 MB.
System memory in use after: 61.0 MB.

Unloading 17 unused Assets to reduce memory usage. Loaded Objects now: 1602.
Total: 3.056500 ms (FindLiveObjects: 0.177300 ms CreateObjectMapping: 0.054200 ms MarkObjects: 2.257000 ms  DeleteObjects: 0.566400 ms)

========================================================================
Received Prepare
Registering precompiled user dll's ...
Registered in 0.144105 seconds.
Begin MonoManager ReloadAssembly
Native extension for WindowsStandalone target not found
Refreshing native plugins compatible for Editor in 0.37 ms, found 0 plugins.
Preloading 0 native plugins for Editor in 0.00 ms.
Invoked RoslynAnalysisRunner static constructor.
RoslynAnalysisRunner will not be running.
RoslynAnalysisRunner has terminated.
Mono: successfully reloaded assembly
- Completed reload, in  9.216 seconds
Platform modules already initialized, skipping
Refreshing native plugins compatible for Editor in 0.39 ms, found 0 plugins.
Preloading 0 native plugins for Editor in 0.00 ms.
Unloading 1092 Unused Serialized files (Serialized files now loaded: 0)
System memory in use before: 61.5 MB.
System memory in use after: 61.0 MB.

Unloading 17 unused Assets to reduce memory usage. Loaded Objects now: 1604.
Total: 2.466700 ms (FindLiveObjects: 0.170500 ms CreateObjectMapping: 0.051900 ms MarkObjects: 1.771600 ms  DeleteObjects: 0.471100 ms)

========================================================================
Received Import Request.
  Time since last request: 23219.823698 seconds.
  path: Assets/Scripts/Tile/TileMigrator.cs
  artifactKey: Guid(2bddbf7e517476143ae99a021594fba0) Importer(815301076,1909f56bfc062723c751e8b465ee728b)
Start importing Assets/Scripts/Tile/TileMigrator.cs using Guid(2bddbf7e517476143ae99a021594fba0) Importer(815301076,1909f56bfc062723c751e8b465ee728b)  -> (artifact id: 'f2a702bff591bd7e5c71bf98f1703e0f') in 0.076114 seconds
  Import took 0.146706 seconds .

========================================================================
Received Prepare
Registering precompiled user dll's ...
Registered in 0.001025 seconds.
Begin MonoManager ReloadAssembly
Native extension for WindowsStandalone target not found
Refreshing native plugins compatible for Editor in 0.32 ms, found 0 plugins.
Preloading 0 native plugins for Editor in 0.00 ms.
Invoked RoslynAnalysisRunner static constructor.
RoslynAnalysisRunner will not be running.
RoslynAnalysisRunner has terminated.
Mono: successfully reloaded assembly
- Completed reload, in  1.201 seconds
Platform modules already initialized, skipping
Refreshing native plugins compatible for Editor in 0.31 ms, found 0 plugins.
Preloading 0 native plugins for Editor in 0.00 ms.
Unloading 1093 Unused Serialized files (Serialized files now loaded: 0)
System memory in use before: 61.5 MB.
System memory in use after: 61.0 MB.

Unloading 17 unused Assets to reduce memory usage. Loaded Objects now: 1607.
Total: 3.181100 ms (FindLiveObjects: 0.170100 ms CreateObjectMapping: 0.051600 ms MarkObjects: 2.325300 ms  DeleteObjects: 0.632700 ms)

