Using pre-set license
Built from '2020.2/staging' branch; Version is '2020.2.3f1 (8ff31bc5bf5b) revision 9433883'; Using compiler version '192528614'; Build Type 'Release'
OS: 'Windows 10 Home; OS build 19042.1110; Version 2009; 64bit' Language: 'ru' Physical Memory: 8155 MB
BatchMode: 1, IsHumanControllingUs: 0, StartBugReporterOnCrash: 0, Is64bit: 1, IsPro: 0

 COMMAND LINE ARGUMENTS:
C:\Program Files\Unity\Hub\Editor\2020.2.3f1\Editor\Unity.exe
-adb2
-batchMode
-noUpm
-name
AssetImportWorker13
-projectPath
C:/Users/grisholq/Desktop/Unity/Projects/Humalution
-logFile
Logs/AssetImportWorker13.log
-srvPort
51969
Successfully changed project path to: C:/Users/grisholq/Desktop/Unity/Projects/Humalution
C:/Users/grisholq/Desktop/Unity/Projects/Humalution
Using Asset Import Pipeline V2.
Refreshing native plugins compatible for Editor in 40.42 ms, found 2 plugins.
Preloading 0 native plugins for Editor in 0.00 ms.
Initialize engine version: 2020.2.3f1 (8ff31bc5bf5b)
[Subsystems] Discovering subsystems at path C:/Program Files/Unity/Hub/Editor/2020.2.3f1/Editor/Data/Resources/UnitySubsystems
[Subsystems] Discovering subsystems at path C:/Users/grisholq/Desktop/Unity/Projects/Humalution/Assets
GfxDevice: creating device client; threaded=0
Direct3D:
    Version:  Direct3D 11.0 [level 11.1]
    Renderer: NVIDIA GeForce GTX 1050 Ti (ID=0x1c82)
    Vendor:   
    VRAM:     4018 MB
    Driver:   27.21.14.5671
Initialize mono
Mono path[0] = 'C:/Program Files/Unity/Hub/Editor/2020.2.3f1/Editor/Data/Managed'
Mono path[1] = 'C:/Program Files/Unity/Hub/Editor/2020.2.3f1/Editor/Data/MonoBleedingEdge/lib/mono/unityjit'
Mono config path = 'C:/Program Files/Unity/Hub/Editor/2020.2.3f1/Editor/Data/MonoBleedingEdge/etc'
Using monoOptions --debugger-agent=transport=dt_socket,embedding=1,server=y,suspend=n,address=127.0.0.1:56120
Begin MonoManager ReloadAssembly
Registering precompiled unity dll's ...
Register platform support module: C:/Program Files/Unity/Hub/Editor/2020.2.3f1/Editor/Data/PlaybackEngines/WindowsStandaloneSupport/UnityEditor.WindowsStandalone.Extensions.dll
Registered in 0.002624 seconds.
Native extension for WindowsStandalone target not found
Refreshing native plugins compatible for Editor in 38.33 ms, found 2 plugins.
Preloading 0 native plugins for Editor in 0.00 ms.
Invoked RoslynAnalysisRunner static constructor.
RoslynAnalysisRunner will not be running.
RoslynAnalysisRunner has terminated.
Mono: successfully reloaded assembly
- Completed reload, in  2.683 seconds
Platform modules already initialized, skipping
Registering precompiled user dll's ...
Registered in 0.005163 seconds.
Begin MonoManager ReloadAssembly
Native extension for WindowsStandalone target not found
Refreshing native plugins compatible for Editor in 0.44 ms, found 2 plugins.
Preloading 0 native plugins for Editor in 0.00 ms.
Invoked RoslynAnalysisRunner static constructor.
RoslynAnalysisRunner will not be running.
RoslynAnalysisRunner has terminated.
Mono: successfully reloaded assembly
- Completed reload, in  1.284 seconds
Platform modules already initialized, skipping
========================================================================
Worker process is ready to serve import requests
Launched and connected shader compiler UnityShaderCompiler.exe after 0.28 seconds
Refreshing native plugins compatible for Editor in 0.68 ms, found 2 plugins.
Preloading 0 native plugins for Editor in 0.00 ms.
Unloading 1448 Unused Serialized files (Serialized files now loaded: 0)
System memory in use before: 67.5 MB.
System memory in use after: 67.6 MB.

Unloading 18 unused Assets to reduce memory usage. Loaded Objects now: 1881.
Total: 4.360500 ms (FindLiveObjects: 0.271200 ms CreateObjectMapping: 0.120500 ms MarkObjects: 3.812200 ms  DeleteObjects: 0.153900 ms)

========================================================================
Received Import Request.
  path: Assets/Scripts/Players/TurnProcessors/PlayerTurnProcessor.cs
  artifactKey: Guid(5e2f54d5a55ae4e489f23c4205f00e75) Importer(815301076,1909f56bfc062723c751e8b465ee728b)
Start importing Assets/Scripts/Players/TurnProcessors/PlayerTurnProcessor.cs using Guid(5e2f54d5a55ae4e489f23c4205f00e75) Importer(815301076,1909f56bfc062723c751e8b465ee728b)  -> (artifact id: '74fcf3a6ebfd15632c2320825c5e8101') in 0.186957 seconds
  Import took 0.218252 seconds .

========================================================================
Received Prepare
Registering precompiled user dll's ...
Registered in 0.005187 seconds.
Begin MonoManager ReloadAssembly
Native extension for WindowsStandalone target not found
Refreshing native plugins compatible for Editor in 0.44 ms, found 2 plugins.
Preloading 0 native plugins for Editor in 0.00 ms.
Invoked RoslynAnalysisRunner static constructor.
RoslynAnalysisRunner will not be running.
RoslynAnalysisRunner has terminated.
Mono: successfully reloaded assembly
- Completed reload, in  1.226 seconds
Platform modules already initialized, skipping
Switching build target platform(5) subTarget(0) extendedPlatform(0) -> platform(13) subTarget(537395200) extendedPlatform(0)
Refreshing native plugins compatible for Editor in 0.76 ms, found 2 plugins.
Preloading 0 native plugins for Editor in 0.00 ms.
Unloading 1432 Unused Serialized files (Serialized files now loaded: 0)
System memory in use before: 66.3 MB.
System memory in use after: 66.4 MB.

Unloading 13 unused Assets to reduce memory usage. Loaded Objects now: 1883.
Total: 2.296000 ms (FindLiveObjects: 0.195400 ms CreateObjectMapping: 0.069200 ms MarkObjects: 2.008800 ms  DeleteObjects: 0.020800 ms)

AssetImportParameters requested are different than current active one (requested -> active):
  custom:graphics/normal-map-encoding: 01000000000000000000000000000000 -> 02000000000000000000000000000000
========================================================================
Received Import Request.
  Time since last request: 300.861271 seconds.
  path: Assets/Scripts/Players/TurnProcessors/Processors/TilesBattle.cs
  artifactKey: Guid(2564a74aa881a38458df8ffecc22642b) Importer(815301076,1909f56bfc062723c751e8b465ee728b)
Start importing Assets/Scripts/Players/TurnProcessors/Processors/TilesBattle.cs using Guid(2564a74aa881a38458df8ffecc22642b) Importer(815301076,1909f56bfc062723c751e8b465ee728b)  -> (artifact id: 'ba1736fbeaf7105dee43d1db95729756') in 0.014550 seconds
  Import took 0.055467 seconds .

========================================================================
Received Import Request.
  Time since last request: 148.784252 seconds.
  path: Assets/Scripts/Players/TurnProcessors/Processors/TilesBattle.cs
  artifactKey: Guid(2564a74aa881a38458df8ffecc22642b) Importer(815301076,1909f56bfc062723c751e8b465ee728b)
Start importing Assets/Scripts/Players/TurnProcessors/Processors/TilesBattle.cs using Guid(2564a74aa881a38458df8ffecc22642b) Importer(815301076,1909f56bfc062723c751e8b465ee728b)  -> (artifact id: 'ac6aae8740053182ad86ff3dff22d8b2') in 0.003847 seconds
  Import took 0.028637 seconds .

========================================================================
Received Import Request.
  Time since last request: 476.885671 seconds.
  path: Assets/Scripts/Players/TurnProcessors/Processors/TilesBattle.cs
  artifactKey: Guid(2564a74aa881a38458df8ffecc22642b) Importer(815301076,1909f56bfc062723c751e8b465ee728b)
Start importing Assets/Scripts/Players/TurnProcessors/Processors/TilesBattle.cs using Guid(2564a74aa881a38458df8ffecc22642b) Importer(815301076,1909f56bfc062723c751e8b465ee728b)  -> (artifact id: 'c71b8d8a4c4952985508b3b7835ad41a') in 0.005252 seconds
  Import took 0.048372 seconds .

========================================================================
Received Import Request.
  Time since last request: 90.348080 seconds.
  path: Assets/Scripts/Players/TurnProcessors/Processors/TilesBattle.cs
  artifactKey: Guid(2564a74aa881a38458df8ffecc22642b) Importer(815301076,1909f56bfc062723c751e8b465ee728b)
Start importing Assets/Scripts/Players/TurnProcessors/Processors/TilesBattle.cs using Guid(2564a74aa881a38458df8ffecc22642b) Importer(815301076,1909f56bfc062723c751e8b465ee728b)  -> (artifact id: '89803813fc573e7c3e72a9b9eb2bf81c') in 0.003740 seconds
  Import took 0.014612 seconds .

========================================================================
Received Import Request.
  Time since last request: 0.000746 seconds.
  path: Assets/Scripts/Players/TurnProcessors/Processors/TilesBattle.cs
  artifactKey: Guid(2564a74aa881a38458df8ffecc22642b) Importer(815301076,1909f56bfc062723c751e8b465ee728b)
Start importing Assets/Scripts/Players/TurnProcessors/Processors/TilesBattle.cs using Guid(2564a74aa881a38458df8ffecc22642b) Importer(815301076,1909f56bfc062723c751e8b465ee728b)  -> (artifact id: '89803813fc573e7c3e72a9b9eb2bf81c') in 0.004007 seconds
  Import took 0.018849 seconds .

========================================================================
Received Import Request.
  Time since last request: 127.821134 seconds.
  path: Assets/Scripts/Players/TurnProcessors/Processors/TilesBattle.cs
  artifactKey: Guid(2564a74aa881a38458df8ffecc22642b) Importer(815301076,1909f56bfc062723c751e8b465ee728b)
Start importing Assets/Scripts/Players/TurnProcessors/Processors/TilesBattle.cs using Guid(2564a74aa881a38458df8ffecc22642b) Importer(815301076,1909f56bfc062723c751e8b465ee728b)  -> (artifact id: '5bbc1117f882dc599e02651c7cfbadbe') in 0.004070 seconds
  Import took 0.098625 seconds .

========================================================================
Received Import Request.
  Time since last request: 0.128196 seconds.
  path: Assets/Scripts/Players/TurnProcessors/Processors/TilesBattle.cs
  artifactKey: Guid(2564a74aa881a38458df8ffecc22642b) Importer(815301076,1909f56bfc062723c751e8b465ee728b)
Start importing Assets/Scripts/Players/TurnProcessors/Processors/TilesBattle.cs using Guid(2564a74aa881a38458df8ffecc22642b) Importer(815301076,1909f56bfc062723c751e8b465ee728b)  -> (artifact id: '5bbc1117f882dc599e02651c7cfbadbe') in 0.005879 seconds
  Import took 0.009498 seconds .

========================================================================
Received Import Request.
  Time since last request: 736.374033 seconds.
  path: Assets/Scripts/Players/TurnProcessors/Processors/TilesBattle.cs
  artifactKey: Guid(2564a74aa881a38458df8ffecc22642b) Importer(815301076,1909f56bfc062723c751e8b465ee728b)
Start importing Assets/Scripts/Players/TurnProcessors/Processors/TilesBattle.cs using Guid(2564a74aa881a38458df8ffecc22642b) Importer(815301076,1909f56bfc062723c751e8b465ee728b)  -> (artifact id: '44411024069120b257a189f699ff24ef') in 0.004884 seconds
  Import took 0.029810 seconds .

========================================================================
Received Prepare
Registering precompiled user dll's ...
Registered in 0.005407 seconds.
Begin MonoManager ReloadAssembly
Native extension for WindowsStandalone target not found
Refreshing native plugins compatible for Editor in 0.44 ms, found 2 plugins.
Preloading 0 native plugins for Editor in 0.00 ms.
Invoked RoslynAnalysisRunner static constructor.
RoslynAnalysisRunner will not be running.
RoslynAnalysisRunner has terminated.
Mono: successfully reloaded assembly
- Completed reload, in  1.247 seconds
Platform modules already initialized, skipping
Switching build target platform(5) subTarget(0) extendedPlatform(0) -> platform(13) subTarget(537395200) extendedPlatform(0)
Refreshing native plugins compatible for Editor in 0.48 ms, found 2 plugins.
Preloading 0 native plugins for Editor in 0.00 ms.
Unloading 1433 Unused Serialized files (Serialized files now loaded: 0)
System memory in use before: 66.3 MB.
System memory in use after: 66.4 MB.

Unloading 13 unused Assets to reduce memory usage. Loaded Objects now: 1886.
Total: 2.052400 ms (FindLiveObjects: 0.168700 ms CreateObjectMapping: 0.056600 ms MarkObjects: 1.806600 ms  DeleteObjects: 0.018600 ms)

AssetImportParameters requested are different than current active one (requested -> active):
  custom:graphics/normal-map-encoding: 01000000000000000000000000000000 -> 02000000000000000000000000000000
========================================================================
Received Import Request.
  Time since last request: 14.902370 seconds.
  path: Assets/Scripts/Players/TurnProcessors/Processors/PlayerWarProcessor.cs
  artifactKey: Guid(18948d5e79cf66849974b0fb14959383) Importer(815301076,1909f56bfc062723c751e8b465ee728b)
Start importing Assets/Scripts/Players/TurnProcessors/Processors/PlayerWarProcessor.cs using Guid(18948d5e79cf66849974b0fb14959383) Importer(815301076,1909f56bfc062723c751e8b465ee728b)  -> (artifact id: '0e0f29784ef7e35bab71977429b8a82b') in 0.024298 seconds
  Import took 0.043732 seconds .

========================================================================
Received Import Request.
  Time since last request: 91.667944 seconds.
  path: Assets/Scripts/Players/TurnProcessors/Processors/PlayerWarProcessor.cs
  artifactKey: Guid(18948d5e79cf66849974b0fb14959383) Importer(815301076,1909f56bfc062723c751e8b465ee728b)
Start importing Assets/Scripts/Players/TurnProcessors/Processors/PlayerWarProcessor.cs using Guid(18948d5e79cf66849974b0fb14959383) Importer(815301076,1909f56bfc062723c751e8b465ee728b)  -> (artifact id: 'd45b90e350cf3c761beea36e2ae94649') in 0.004343 seconds
  Import took 0.015859 seconds .

========================================================================
Received Import Request.
  Time since last request: 0.004658 seconds.
  path: Assets/Scripts/Players/TurnProcessors/Processors/PlayerWarProcessor.cs
  artifactKey: Guid(18948d5e79cf66849974b0fb14959383) Importer(815301076,1909f56bfc062723c751e8b465ee728b)
Start importing Assets/Scripts/Players/TurnProcessors/Processors/PlayerWarProcessor.cs using Guid(18948d5e79cf66849974b0fb14959383) Importer(815301076,1909f56bfc062723c751e8b465ee728b)  -> (artifact id: 'd45b90e350cf3c761beea36e2ae94649') in 0.004188 seconds
  Import took 0.007036 seconds .

========================================================================
Received Import Request.
  Time since last request: 76.720233 seconds.
  path: Assets/Scripts/Players/TurnProcessors/Processors/PlayerWarProcessor.cs
  artifactKey: Guid(18948d5e79cf66849974b0fb14959383) Importer(815301076,1909f56bfc062723c751e8b465ee728b)
Start importing Assets/Scripts/Players/TurnProcessors/Processors/PlayerWarProcessor.cs using Guid(18948d5e79cf66849974b0fb14959383) Importer(815301076,1909f56bfc062723c751e8b465ee728b)  -> (artifact id: '925d85d7be0d1e068ff9cabaed5fa390') in 0.004114 seconds
  Import took 0.021440 seconds .

========================================================================
Received Import Request.
  Time since last request: 0.000677 seconds.
  path: Assets/Scripts/Players/TurnProcessors/Processors/PlayerWarProcessor.cs
  artifactKey: Guid(18948d5e79cf66849974b0fb14959383) Importer(815301076,1909f56bfc062723c751e8b465ee728b)
Start importing Assets/Scripts/Players/TurnProcessors/Processors/PlayerWarProcessor.cs using Guid(18948d5e79cf66849974b0fb14959383) Importer(815301076,1909f56bfc062723c751e8b465ee728b)  -> (artifact id: '925d85d7be0d1e068ff9cabaed5fa390') in 0.003740 seconds
  Import took 0.006220 seconds .

========================================================================
Received Import Request.
  Time since last request: 9.321883 seconds.
  path: Assets/Scripts/Players/TurnProcessors/Processors/PlayerWarProcessor.cs
  artifactKey: Guid(18948d5e79cf66849974b0fb14959383) Importer(815301076,1909f56bfc062723c751e8b465ee728b)
Start importing Assets/Scripts/Players/TurnProcessors/Processors/PlayerWarProcessor.cs using Guid(18948d5e79cf66849974b0fb14959383) Importer(815301076,1909f56bfc062723c751e8b465ee728b)  -> (artifact id: 'f03dba6f1c90e386774d5efa359d56bf') in 0.003738 seconds
  Import took 0.017363 seconds .

========================================================================
Received Prepare
Registering precompiled user dll's ...
Registered in 0.005000 seconds.
Begin MonoManager ReloadAssembly
Native extension for WindowsStandalone target not found
Refreshing native plugins compatible for Editor in 0.46 ms, found 2 plugins.
Preloading 0 native plugins for Editor in 0.00 ms.
Invoked RoslynAnalysisRunner static constructor.
RoslynAnalysisRunner will not be running.
RoslynAnalysisRunner has terminated.
Mono: successfully reloaded assembly
- Completed reload, in  1.225 seconds
Platform modules already initialized, skipping
Switching build target platform(5) subTarget(0) extendedPlatform(0) -> platform(13) subTarget(537395200) extendedPlatform(0)
Refreshing native plugins compatible for Editor in 0.47 ms, found 2 plugins.
Preloading 0 native plugins for Editor in 0.00 ms.
Unloading 1433 Unused Serialized files (Serialized files now loaded: 0)
System memory in use before: 66.3 MB.
System memory in use after: 66.4 MB.

Unloading 13 unused Assets to reduce memory usage. Loaded Objects now: 1888.
Total: 2.385600 ms (FindLiveObjects: 0.284600 ms CreateObjectMapping: 0.094600 ms MarkObjects: 1.985100 ms  DeleteObjects: 0.019600 ms)

AssetImportParameters requested are different than current active one (requested -> active):
  custom:graphics/normal-map-encoding: 01000000000000000000000000000000 -> 02000000000000000000000000000000
========================================================================
Received Prepare
Registering precompiled user dll's ...
Registered in 0.005174 seconds.
Begin MonoManager ReloadAssembly
Native extension for WindowsStandalone target not found
Refreshing native plugins compatible for Editor in 0.46 ms, found 2 plugins.
Preloading 0 native plugins for Editor in 0.00 ms.
Invoked RoslynAnalysisRunner static constructor.
RoslynAnalysisRunner will not be running.
RoslynAnalysisRunner has terminated.
Mono: successfully reloaded assembly
- Completed reload, in  1.319 seconds
Platform modules already initialized, skipping
Switching build target platform(5) subTarget(0) extendedPlatform(0) -> platform(13) subTarget(537395200) extendedPlatform(0)
Refreshing native plugins compatible for Editor in 0.47 ms, found 2 plugins.
Preloading 0 native plugins for Editor in 0.00 ms.
Unloading 1433 Unused Serialized files (Serialized files now loaded: 0)
System memory in use before: 66.3 MB.
System memory in use after: 66.4 MB.

Unloading 13 unused Assets to reduce memory usage. Loaded Objects now: 1890.
Total: 2.173700 ms (FindLiveObjects: 0.226300 ms CreateObjectMapping: 0.060700 ms MarkObjects: 1.865400 ms  DeleteObjects: 0.019700 ms)

AssetImportParameters requested are different than current active one (requested -> active):
  custom:graphics/normal-map-encoding: 01000000000000000000000000000000 -> 02000000000000000000000000000000
========================================================================
Received Prepare
Registering precompiled user dll's ...
Registered in 0.005048 seconds.
Begin MonoManager ReloadAssembly
Native extension for WindowsStandalone target not found
Refreshing native plugins compatible for Editor in 0.45 ms, found 2 plugins.
Preloading 0 native plugins for Editor in 0.00 ms.
Invoked RoslynAnalysisRunner static constructor.
RoslynAnalysisRunner will not be running.
RoslynAnalysisRunner has terminated.
Mono: successfully reloaded assembly
- Completed reload, in  1.225 seconds
Platform modules already initialized, skipping
Switching build target platform(5) subTarget(0) extendedPlatform(0) -> platform(13) subTarget(537395200) extendedPlatform(0)
Refreshing native plugins compatible for Editor in 0.45 ms, found 2 plugins.
Preloading 0 native plugins for Editor in 0.00 ms.
Unloading 1433 Unused Serialized files (Serialized files now loaded: 0)
System memory in use before: 66.3 MB.
System memory in use after: 66.5 MB.

Unloading 13 unused Assets to reduce memory usage. Loaded Objects now: 1892.
Total: 2.183700 ms (FindLiveObjects: 0.164600 ms CreateObjectMapping: 0.060900 ms MarkObjects: 1.938400 ms  DeleteObjects: 0.018500 ms)

AssetImportParameters requested are different than current active one (requested -> active):
  custom:graphics/normal-map-encoding: 01000000000000000000000000000000 -> 02000000000000000000000000000000
========================================================================
Received Prepare
Registering precompiled user dll's ...
Registered in 0.005581 seconds.
Begin MonoManager ReloadAssembly
Native extension for WindowsStandalone target not found
Refreshing native plugins compatible for Editor in 0.45 ms, found 2 plugins.
Preloading 0 native plugins for Editor in 0.00 ms.
Invoked RoslynAnalysisRunner static constructor.
RoslynAnalysisRunner will not be running.
RoslynAnalysisRunner has terminated.
Mono: successfully reloaded assembly
- Completed reload, in  1.285 seconds
Platform modules already initialized, skipping
Switching build target platform(5) subTarget(0) extendedPlatform(0) -> platform(13) subTarget(537395200) extendedPlatform(0)
Refreshing native plugins compatible for Editor in 0.45 ms, found 2 plugins.
Preloading 0 native plugins for Editor in 0.00 ms.
Unloading 1433 Unused Serialized files (Serialized files now loaded: 0)
System memory in use before: 66.4 MB.
System memory in use after: 66.5 MB.

Unloading 13 unused Assets to reduce memory usage. Loaded Objects now: 1894.
Total: 2.228700 ms (FindLiveObjects: 0.183100 ms CreateObjectMapping: 0.060500 ms MarkObjects: 1.964400 ms  DeleteObjects: 0.018900 ms)

AssetImportParameters requested are different than current active one (requested -> active):
  custom:graphics/normal-map-encoding: 01000000000000000000000000000000 -> 02000000000000000000000000000000
========================================================================
Received Prepare
Registering precompiled user dll's ...
Registered in 0.005039 seconds.
Begin MonoManager ReloadAssembly
Native extension for WindowsStandalone target not found
Refreshing native plugins compatible for Editor in 0.45 ms, found 2 plugins.
Preloading 0 native plugins for Editor in 0.00 ms.
Invoked RoslynAnalysisRunner static constructor.
RoslynAnalysisRunner will not be running.
RoslynAnalysisRunner has terminated.
Mono: successfully reloaded assembly
- Completed reload, in  1.269 seconds
Platform modules already initialized, skipping
Switching build target platform(5) subTarget(0) extendedPlatform(0) -> platform(13) subTarget(537395200) extendedPlatform(0)
Refreshing native plugins compatible for Editor in 0.46 ms, found 2 plugins.
Preloading 0 native plugins for Editor in 0.00 ms.
Unloading 1433 Unused Serialized files (Serialized files now loaded: 0)
System memory in use before: 66.4 MB.
System memory in use after: 66.5 MB.

Unloading 13 unused Assets to reduce memory usage. Loaded Objects now: 1896.
Total: 2.136600 ms (FindLiveObjects: 0.173400 ms CreateObjectMapping: 0.061900 ms MarkObjects: 1.879700 ms  DeleteObjects: 0.019900 ms)

AssetImportParameters requested are different than current active one (requested -> active):
  custom:graphics/normal-map-encoding: 01000000000000000000000000000000 -> 02000000000000000000000000000000
========================================================================
Received Prepare
Registering precompiled user dll's ...
Registered in 0.567435 seconds.
Begin MonoManager ReloadAssembly
Native extension for WindowsStandalone target not found
Refreshing native plugins compatible for Editor in 0.46 ms, found 2 plugins.
Preloading 0 native plugins for Editor in 0.00 ms.
Invoked RoslynAnalysisRunner static constructor.
RoslynAnalysisRunner will not be running.
RoslynAnalysisRunner has terminated.
Mono: successfully reloaded assembly
- Completed reload, in  1.351 seconds
Platform modules already initialized, skipping
Switching build target platform(5) subTarget(0) extendedPlatform(0) -> platform(13) subTarget(537395200) extendedPlatform(0)
Refreshing native plugins compatible for Editor in 0.46 ms, found 2 plugins.
Preloading 0 native plugins for Editor in 0.00 ms.
Unloading 1433 Unused Serialized files (Serialized files now loaded: 0)
System memory in use before: 66.4 MB.
System memory in use after: 66.5 MB.

Unloading 13 unused Assets to reduce memory usage. Loaded Objects now: 1898.
Total: 2.545300 ms (FindLiveObjects: 0.200100 ms CreateObjectMapping: 0.140100 ms MarkObjects: 2.185200 ms  DeleteObjects: 0.018200 ms)

AssetImportParameters requested are different than current active one (requested -> active):
  custom:graphics/normal-map-encoding: 01000000000000000000000000000000 -> 02000000000000000000000000000000
========================================================================
Received Prepare
Registering precompiled user dll's ...
Registered in 0.008420 seconds.
Begin MonoManager ReloadAssembly
Native extension for WindowsStandalone target not found
Refreshing native plugins compatible for Editor in 0.44 ms, found 2 plugins.
Preloading 0 native plugins for Editor in 0.00 ms.
Invoked RoslynAnalysisRunner static constructor.
RoslynAnalysisRunner will not be running.
RoslynAnalysisRunner has terminated.
Mono: successfully reloaded assembly
- Completed reload, in  1.403 seconds
Platform modules already initialized, skipping
Switching build target platform(5) subTarget(0) extendedPlatform(0) -> platform(13) subTarget(537395200) extendedPlatform(0)
Refreshing native plugins compatible for Editor in 0.45 ms, found 2 plugins.
Preloading 0 native plugins for Editor in 0.00 ms.
Unloading 1433 Unused Serialized files (Serialized files now loaded: 0)
System memory in use before: 66.4 MB.
System memory in use after: 66.5 MB.

Unloading 13 unused Assets to reduce memory usage. Loaded Objects now: 1900.
Total: 2.160600 ms (FindLiveObjects: 0.197800 ms CreateObjectMapping: 0.060200 ms MarkObjects: 1.880800 ms  DeleteObjects: 0.019700 ms)

AssetImportParameters requested are different than current active one (requested -> active):
  custom:graphics/normal-map-encoding: 01000000000000000000000000000000 -> 02000000000000000000000000000000
========================================================================
Received Prepare
Registering precompiled user dll's ...
Registered in 0.004983 seconds.
Begin MonoManager ReloadAssembly
Native extension for WindowsStandalone target not found
Refreshing native plugins compatible for Editor in 0.43 ms, found 2 plugins.
Preloading 0 native plugins for Editor in 0.00 ms.
Invoked RoslynAnalysisRunner static constructor.
RoslynAnalysisRunner will not be running.
RoslynAnalysisRunner has terminated.
Mono: successfully reloaded assembly
- Completed reload, in  1.355 seconds
Platform modules already initialized, skipping
Switching build target platform(5) subTarget(0) extendedPlatform(0) -> platform(13) subTarget(537395200) extendedPlatform(0)
Refreshing native plugins compatible for Editor in 0.44 ms, found 2 plugins.
Preloading 0 native plugins for Editor in 0.00 ms.
Unloading 1433 Unused Serialized files (Serialized files now loaded: 0)
System memory in use before: 66.4 MB.
System memory in use after: 66.5 MB.

Unloading 13 unused Assets to reduce memory usage. Loaded Objects now: 1902.
Total: 2.212100 ms (FindLiveObjects: 0.167400 ms CreateObjectMapping: 0.064000 ms MarkObjects: 1.957200 ms  DeleteObjects: 0.022100 ms)

AssetImportParameters requested are different than current active one (requested -> active):
  custom:graphics/normal-map-encoding: 01000000000000000000000000000000 -> 02000000000000000000000000000000
========================================================================
Received Prepare
Registering precompiled user dll's ...
Registered in 0.005036 seconds.
Begin MonoManager ReloadAssembly
Native extension for WindowsStandalone target not found
Refreshing native plugins compatible for Editor in 0.45 ms, found 2 plugins.
Preloading 0 native plugins for Editor in 0.00 ms.
Invoked RoslynAnalysisRunner static constructor.
RoslynAnalysisRunner will not be running.
RoslynAnalysisRunner has terminated.
Mono: successfully reloaded assembly
- Completed reload, in  1.299 seconds
Platform modules already initialized, skipping
Switching build target platform(5) subTarget(0) extendedPlatform(0) -> platform(13) subTarget(537395200) extendedPlatform(0)
Refreshing native plugins compatible for Editor in 0.45 ms, found 2 plugins.
Preloading 0 native plugins for Editor in 0.00 ms.
Unloading 1433 Unused Serialized files (Serialized files now loaded: 0)
System memory in use before: 66.4 MB.
System memory in use after: 66.5 MB.

Unloading 13 unused Assets to reduce memory usage. Loaded Objects now: 1904.
Total: 2.417500 ms (FindLiveObjects: 0.316600 ms CreateObjectMapping: 0.072100 ms MarkObjects: 2.002000 ms  DeleteObjects: 0.025000 ms)

AssetImportParameters requested are different than current active one (requested -> active):
  custom:graphics/normal-map-encoding: 01000000000000000000000000000000 -> 02000000000000000000000000000000
========================================================================
Received Prepare
Registering precompiled user dll's ...
Registered in 0.006512 seconds.
Begin MonoManager ReloadAssembly
Native extension for WindowsStandalone target not found
Refreshing native plugins compatible for Editor in 0.49 ms, found 2 plugins.
Preloading 0 native plugins for Editor in 0.00 ms.
Invoked RoslynAnalysisRunner static constructor.
RoslynAnalysisRunner will not be running.
RoslynAnalysisRunner has terminated.
Mono: successfully reloaded assembly
- Completed reload, in  1.934 seconds
Platform modules already initialized, skipping
Switching build target platform(5) subTarget(0) extendedPlatform(0) -> platform(13) subTarget(537395200) extendedPlatform(0)
Refreshing native plugins compatible for Editor in 0.62 ms, found 2 plugins.
Preloading 0 native plugins for Editor in 0.00 ms.
Unloading 1433 Unused Serialized files (Serialized files now loaded: 0)
System memory in use before: 66.4 MB.
System memory in use after: 66.5 MB.

Unloading 13 unused Assets to reduce memory usage. Loaded Objects now: 1906.
Total: 3.782100 ms (FindLiveObjects: 0.320600 ms CreateObjectMapping: 0.074800 ms MarkObjects: 3.337100 ms  DeleteObjects: 0.034000 ms)

AssetImportParameters requested are different than current active one (requested -> active):
  custom:graphics/normal-map-encoding: 01000000000000000000000000000000 -> 02000000000000000000000000000000
AssetImportWorkerClient::OnTransportError - code=2 error=End of file
