Using pre-set license
Built from '2020.2/staging' branch; Version is '2020.2.3f1 (8ff31bc5bf5b) revision 9433883'; Using compiler version '192528614'; Build Type 'Release'
OS: 'Windows 10 Home; OS build 19042.985; Version 2009; 64bit' Language: 'ru' Physical Memory: 8155 MB
BatchMode: 1, IsHumanControllingUs: 0, StartBugReporterOnCrash: 0, Is64bit: 1, IsPro: 0

 COMMAND LINE ARGUMENTS:
C:\Program Files\Unity\Hub\Editor\2020.2.3f1\Editor\Unity.exe
-adb2
-batchMode
-noUpm
-name
AssetImportWorker0
-projectPath
C:/Users/grisholq/Desktop/Unity/Projects/Projects/Humalution
-logFile
Logs/AssetImportWorker0.log
-srvPort
53190
Successfully changed project path to: C:/Users/grisholq/Desktop/Unity/Projects/Projects/Humalution
C:/Users/grisholq/Desktop/Unity/Projects/Projects/Humalution
Using Asset Import Pipeline V2.
Refreshing native plugins compatible for Editor in 32.09 ms, found 0 plugins.
Preloading 0 native plugins for Editor in 0.00 ms.
Initialize engine version: 2020.2.3f1 (8ff31bc5bf5b)
[Subsystems] Discovering subsystems at path C:/Program Files/Unity/Hub/Editor/2020.2.3f1/Editor/Data/Resources/UnitySubsystems
[Subsystems] Discovering subsystems at path C:/Users/grisholq/Desktop/Unity/Projects/Projects/Humalution/Assets
GfxDevice: creating device client; threaded=0
Direct3D:
    Version:  Direct3D 11.0 [level 11.1]
    Renderer: NVIDIA GeForce GTX 1050 Ti (ID=0x1c82)
    Vendor:   
    VRAM:     4018 MB
    Driver:   27.21.14.5671
Initialize mono
Mono path[0] = 'C:/Program Files/Unity/Hub/Editor/2020.2.3f1/Editor/Data/Managed'
Mono path[1] = 'C:/Program Files/Unity/Hub/Editor/2020.2.3f1/Editor/Data/MonoBleedingEdge/lib/mono/unityjit'
Mono config path = 'C:/Program Files/Unity/Hub/Editor/2020.2.3f1/Editor/Data/MonoBleedingEdge/etc'
Using monoOptions --debugger-agent=transport=dt_socket,embedding=1,server=y,suspend=n,address=127.0.0.1:56552
Begin MonoManager ReloadAssembly
Registering precompiled unity dll's ...
Register platform support module: C:/Program Files/Unity/Hub/Editor/2020.2.3f1/Editor/Data/PlaybackEngines/WindowsStandaloneSupport/UnityEditor.WindowsStandalone.Extensions.dll
Registered in 0.004017 seconds.
Native extension for WindowsStandalone target not found
Refreshing native plugins compatible for Editor in 28.38 ms, found 0 plugins.
Preloading 0 native plugins for Editor in 0.00 ms.
Invoked RoslynAnalysisRunner static constructor.
RoslynAnalysisRunner will not be running.
RoslynAnalysisRunner has terminated.
Mono: successfully reloaded assembly
- Completed reload, in  2.717 seconds
Platform modules already initialized, skipping
Registering precompiled user dll's ...
Registered in 0.000799 seconds.
Begin MonoManager ReloadAssembly
Native extension for WindowsStandalone target not found
Refreshing native plugins compatible for Editor in 0.35 ms, found 0 plugins.
Preloading 0 native plugins for Editor in 0.00 ms.
Invoked RoslynAnalysisRunner static constructor.
RoslynAnalysisRunner will not be running.
RoslynAnalysisRunner has terminated.
Mono: successfully reloaded assembly
- Completed reload, in  1.135 seconds
Platform modules already initialized, skipping
========================================================================
Worker process is ready to serve import requests
Launched and connected shader compiler UnityShaderCompiler.exe after 0.54 seconds
Refreshing native plugins compatible for Editor in 0.28 ms, found 0 plugins.
Preloading 0 native plugins for Editor in 0.00 ms.
Unloading 1079 Unused Serialized files (Serialized files now loaded: 0)
System memory in use before: 55.9 MB.
System memory in use after: 56.0 MB.

Unloading 9 unused Assets to reduce memory usage. Loaded Objects now: 1521.
Total: 2.577400 ms (FindLiveObjects: 0.170300 ms CreateObjectMapping: 0.057400 ms MarkObjects: 2.281300 ms  DeleteObjects: 0.067200 ms)

========================================================================
Received Import Request.
  path: Assets/Scripts/Map/TilesMapGenerator.cs
  artifactKey: Guid(0660c71684311cc45918e785944c26b7) Importer(815301076,1909f56bfc062723c751e8b465ee728b)
Start importing Assets/Scripts/Map/TilesMapGenerator.cs using Guid(0660c71684311cc45918e785944c26b7) Importer(815301076,1909f56bfc062723c751e8b465ee728b)  -> (artifact id: '0f45e78cc990c8bea1170df32ee2f749') in 0.449546 seconds
  Import took 0.452045 seconds .

========================================================================
Received Import Request.
  Time since last request: 0.000430 seconds.
  path: Assets/Scripts
  artifactKey: Guid(1b579fb046aaff44490db6e57728bfe9) Importer(815301076,1909f56bfc062723c751e8b465ee728b)
Start importing Assets/Scripts using Guid(1b579fb046aaff44490db6e57728bfe9) Importer(815301076,1909f56bfc062723c751e8b465ee728b)  -> (artifact id: '6568fe660154f174983dec0f1a5e188c') in 0.039458 seconds
  Import took 0.041382 seconds .

========================================================================
Received Import Request.
  Time since last request: 0.000375 seconds.
  path: Assets/Scripts/Map
  artifactKey: Guid(97dbacffe082d5145abc4bc3da5639ff) Importer(815301076,1909f56bfc062723c751e8b465ee728b)
Start importing Assets/Scripts/Map using Guid(97dbacffe082d5145abc4bc3da5639ff) Importer(815301076,1909f56bfc062723c751e8b465ee728b)  -> (artifact id: '52e4b361e4f8b711946a1d0c7906d993') in 0.007818 seconds
  Import took 0.009683 seconds .

========================================================================
Received Import Request.
  Time since last request: 4081.580386 seconds.
  path: Assets/Scenes/SampleScene.unity
  artifactKey: Guid(9fc0d4010bbf28b4594072e72b8655ab) Importer(815301076,1909f56bfc062723c751e8b465ee728b)
Start importing Assets/Scenes/SampleScene.unity using Guid(9fc0d4010bbf28b4594072e72b8655ab) Importer(815301076,1909f56bfc062723c751e8b465ee728b)  -> (artifact id: 'dbd77fee1814d0714fe7a3547dd0b653') in 0.044658 seconds
  Import took 0.048277 seconds .

========================================================================
Received Import Request.
  Time since last request: 21.845161 seconds.
  path: Assets/Prefabs/Tile
  artifactKey: Guid(ebe5b7d2502e5334294957d0b936d145) Importer(815301076,1909f56bfc062723c751e8b465ee728b)
Start importing Assets/Prefabs/Tile using Guid(ebe5b7d2502e5334294957d0b936d145) Importer(815301076,1909f56bfc062723c751e8b465ee728b)  -> (artifact id: '243542a953199a3bac264d556411add4') in 0.015144 seconds
  Import took 0.017504 seconds .

========================================================================
Received Import Request.
  Time since last request: 0.770273 seconds.
  path: Assets/Prefabs/Tile/Terrain
  artifactKey: Guid(7493702bf77bd4d4f8cca0602c72b21c) Importer(815301076,1909f56bfc062723c751e8b465ee728b)
Start importing Assets/Prefabs/Tile/Terrain using Guid(7493702bf77bd4d4f8cca0602c72b21c) Importer(815301076,1909f56bfc062723c751e8b465ee728b)  -> (artifact id: 'e33bdf132465cd1e702d259332542558') in 0.011312 seconds
  Import took 0.013730 seconds .

========================================================================
Received Import Request.
  Time since last request: 1.240261 seconds.
  path: Assets/Prefabs/Tile/Terrain/Forest
  artifactKey: Guid(36a1b3633dbb00d409ea17379a04b03b) Importer(815301076,1909f56bfc062723c751e8b465ee728b)
Start importing Assets/Prefabs/Tile/Terrain/Forest using Guid(36a1b3633dbb00d409ea17379a04b03b) Importer(815301076,1909f56bfc062723c751e8b465ee728b)  -> (artifact id: 'f54043802fb2c6c95f247448f015fdd2') in 0.009635 seconds
  Import took 0.012405 seconds .

========================================================================
Received Import Request.
  Time since last request: 0.722830 seconds.
  path: Assets/Prefabs/Tile/Terrain/Forest/ForestData.asset
  artifactKey: Guid(2887c6b9b9e1d5c4fa15b6fa7f2403ec) Importer(815301076,1909f56bfc062723c751e8b465ee728b)
Start importing Assets/Prefabs/Tile/Terrain/Forest/ForestData.asset using Guid(2887c6b9b9e1d5c4fa15b6fa7f2403ec) Importer(815301076,1909f56bfc062723c751e8b465ee728b)  -> (artifact id: 'cd4a5dd7a7aa2a906d59f1a960f83a97') in 0.029749 seconds
  Import took 0.043516 seconds .

========================================================================
Received Import Request.
  Time since last request: 26.633246 seconds.
  path: Assets/Prefabs/Tile/Terrain/Forest/ForestBase.prefab
  artifactKey: Guid(55e123ee9bfa40848a3c36507c18c97d) Importer(815301076,1909f56bfc062723c751e8b465ee728b)
Start importing Assets/Prefabs/Tile/Terrain/Forest/ForestBase.prefab using Guid(55e123ee9bfa40848a3c36507c18c97d) Importer(815301076,1909f56bfc062723c751e8b465ee728b)  -> (artifact id: 'ad4c9f84409db89759ba28c7d2198408') in 0.598228 seconds
  Import took 0.600850 seconds .

========================================================================
Received Import Request.
  Time since last request: 0.102851 seconds.
  path: Assets/Prefabs/Tile/Terrain/Forest/Tree
  artifactKey: Guid(1b974ebbe33bc624caa665369f7e0340) Importer(815301076,1909f56bfc062723c751e8b465ee728b)
Start importing Assets/Prefabs/Tile/Terrain/Forest/Tree using Guid(1b974ebbe33bc624caa665369f7e0340) Importer(815301076,1909f56bfc062723c751e8b465ee728b)  -> (artifact id: '58a41c4f9bc221e37861e9d58596fed5') in 0.012282 seconds
  Import took 0.015450 seconds .

========================================================================
Received Import Request.
  Time since last request: 0.000776 seconds.
  path: Assets/Prefabs/Tile/Terrain/Forest/Tree
  artifactKey: Guid(1b974ebbe33bc624caa665369f7e0340) Importer(815301076,1909f56bfc062723c751e8b465ee728b)
Start importing Assets/Prefabs/Tile/Terrain/Forest/Tree using Guid(1b974ebbe33bc624caa665369f7e0340) Importer(815301076,1909f56bfc062723c751e8b465ee728b)  -> (artifact id: '58a41c4f9bc221e37861e9d58596fed5') in 0.015218 seconds
  Import took 0.018138 seconds .

========================================================================
Received Import Request.
  Time since last request: 0.980001 seconds.
  path: Assets/Prefabs/Tile/Terrain/Forest/Tree/Leafes.prefab
  artifactKey: Guid(6e7818b347281b54fbb77865fc88b8a9) Importer(815301076,1909f56bfc062723c751e8b465ee728b)
Start importing Assets/Prefabs/Tile/Terrain/Forest/Tree/Leafes.prefab using Guid(6e7818b347281b54fbb77865fc88b8a9) Importer(815301076,1909f56bfc062723c751e8b465ee728b)  -> (artifact id: 'da7ef6a3b19aa5ef0f87cd1bcabb40d0') in 0.021183 seconds
  Import took 0.023909 seconds .

========================================================================
Received Import Request.
  Time since last request: 0.534757 seconds.
  path: Assets/Prefabs/Tile/Terrain/Forest/Tree/Tree.prefab
  artifactKey: Guid(9ec66157931a17949b4a7aae55ff935d) Importer(815301076,1909f56bfc062723c751e8b465ee728b)
Start importing Assets/Prefabs/Tile/Terrain/Forest/Tree/Tree.prefab using Guid(9ec66157931a17949b4a7aae55ff935d) Importer(815301076,1909f56bfc062723c751e8b465ee728b)  -> (artifact id: '8bd50cec48049332ed907b75a72ef2a2') in 0.018929 seconds
  Import took 0.021463 seconds .

========================================================================
Received Import Request.
  Time since last request: 0.363517 seconds.
  path: Assets/Prefabs/Tile/Terrain/Forest/Tree/Trunk.prefab
  artifactKey: Guid(02091791100512f4cad3bc88dd78e1a7) Importer(815301076,1909f56bfc062723c751e8b465ee728b)
Start importing Assets/Prefabs/Tile/Terrain/Forest/Tree/Trunk.prefab using Guid(02091791100512f4cad3bc88dd78e1a7) Importer(815301076,1909f56bfc062723c751e8b465ee728b)  -> (artifact id: 'efdaeb7293e4ec782b10d96e2b84512e') in 0.020380 seconds
  Import took 0.023323 seconds .

========================================================================
Received Import Request.
  Time since last request: 13.882586 seconds.
  path: Assets/Prefabs/Tile/Terrain/Grass
  artifactKey: Guid(6ae499a25a5e1194088fa1e6bc5b3788) Importer(815301076,1909f56bfc062723c751e8b465ee728b)
Start importing Assets/Prefabs/Tile/Terrain/Grass using Guid(6ae499a25a5e1194088fa1e6bc5b3788) Importer(815301076,1909f56bfc062723c751e8b465ee728b)  -> (artifact id: '9033065309ca5902849a4dd9d63583f9') in 0.012341 seconds
  Import took 0.014993 seconds .

========================================================================
Received Import Request.
  Time since last request: 0.001165 seconds.
  path: Assets/Prefabs/Tile/Terrain/Grass
  artifactKey: Guid(6ae499a25a5e1194088fa1e6bc5b3788) Importer(815301076,1909f56bfc062723c751e8b465ee728b)
Start importing Assets/Prefabs/Tile/Terrain/Grass using Guid(6ae499a25a5e1194088fa1e6bc5b3788) Importer(815301076,1909f56bfc062723c751e8b465ee728b)  -> (artifact id: '9033065309ca5902849a4dd9d63583f9') in 0.004766 seconds
  Import took 0.007289 seconds .

========================================================================
Received Prepare
Registering precompiled user dll's ...
Registered in 0.000813 seconds.
Begin MonoManager ReloadAssembly
Native extension for WindowsStandalone target not found
Refreshing native plugins compatible for Editor in 0.29 ms, found 0 plugins.
Preloading 0 native plugins for Editor in 0.00 ms.
Invoked RoslynAnalysisRunner static constructor.
RoslynAnalysisRunner will not be running.
RoslynAnalysisRunner has terminated.
Mono: successfully reloaded assembly
- Completed reload, in  1.116 seconds
Platform modules already initialized, skipping
Refreshing native plugins compatible for Editor in 0.31 ms, found 0 plugins.
Preloading 0 native plugins for Editor in 0.00 ms.
Unloading 1073 Unused Serialized files (Serialized files now loaded: 0)
System memory in use before: 59.1 MB.
System memory in use after: 59.2 MB.

Unloading 4 unused Assets to reduce memory usage. Loaded Objects now: 1533.
Total: 1.771700 ms (FindLiveObjects: 0.157600 ms CreateObjectMapping: 0.049300 ms MarkObjects: 1.544300 ms  DeleteObjects: 0.018800 ms)

========================================================================
Received Prepare
Registering precompiled user dll's ...
Registered in 0.000855 seconds.
Begin MonoManager ReloadAssembly
Native extension for WindowsStandalone target not found
Refreshing native plugins compatible for Editor in 0.29 ms, found 0 plugins.
Preloading 0 native plugins for Editor in 0.00 ms.
Invoked RoslynAnalysisRunner static constructor.
RoslynAnalysisRunner will not be running.
RoslynAnalysisRunner has terminated.
Mono: successfully reloaded assembly
- Completed reload, in  1.032 seconds
Platform modules already initialized, skipping
Refreshing native plugins compatible for Editor in 0.27 ms, found 0 plugins.
Preloading 0 native plugins for Editor in 0.00 ms.
Unloading 1073 Unused Serialized files (Serialized files now loaded: 0)
System memory in use before: 59.1 MB.
System memory in use after: 59.2 MB.

Unloading 4 unused Assets to reduce memory usage. Loaded Objects now: 1535.
Total: 1.900600 ms (FindLiveObjects: 0.163900 ms CreateObjectMapping: 0.053500 ms MarkObjects: 1.667300 ms  DeleteObjects: 0.014500 ms)

========================================================================
Received Import Request.
  Time since last request: 85.382453 seconds.
  path: Assets/Prefabs/Tile/Terrain/Grass/GrassContent.prefab
  artifactKey: Guid(9f2c6bd59526b7c49a1a4df7fe3412bb) Importer(815301076,1909f56bfc062723c751e8b465ee728b)
Start importing Assets/Prefabs/Tile/Terrain/Grass/GrassContent.prefab using Guid(9f2c6bd59526b7c49a1a4df7fe3412bb) Importer(815301076,1909f56bfc062723c751e8b465ee728b)  -> (artifact id: '46fcebad7128938c47e7a47d43944e22') in 0.080814 seconds
  Import took 0.083885 seconds .

========================================================================
Received Prepare
Registering precompiled user dll's ...
Registered in 0.001290 seconds.
Begin MonoManager ReloadAssembly
Native extension for WindowsStandalone target not found
Refreshing native plugins compatible for Editor in 0.98 ms, found 0 plugins.
Preloading 0 native plugins for Editor in 0.00 ms.
Invoked RoslynAnalysisRunner static constructor.
RoslynAnalysisRunner will not be running.
RoslynAnalysisRunner has terminated.
Mono: successfully reloaded assembly
- Completed reload, in  1.487 seconds
Platform modules already initialized, skipping
Refreshing native plugins compatible for Editor in 0.51 ms, found 0 plugins.
Preloading 0 native plugins for Editor in 0.00 ms.
Unloading 1073 Unused Serialized files (Serialized files now loaded: 0)
System memory in use before: 59.1 MB.
System memory in use after: 59.2 MB.

Unloading 4 unused Assets to reduce memory usage. Loaded Objects now: 1538.
Total: 3.856900 ms (FindLiveObjects: 0.555900 ms CreateObjectMapping: 0.067800 ms MarkObjects: 3.201400 ms  DeleteObjects: 0.028200 ms)

========================================================================
Received Prepare
Registering precompiled user dll's ...
Registered in 0.001224 seconds.
Begin MonoManager ReloadAssembly
Native extension for WindowsStandalone target not found
Refreshing native plugins compatible for Editor in 0.29 ms, found 0 plugins.
Preloading 0 native plugins for Editor in 0.00 ms.
Invoked RoslynAnalysisRunner static constructor.
RoslynAnalysisRunner will not be running.
RoslynAnalysisRunner has terminated.
Mono: successfully reloaded assembly
- Completed reload, in  1.125 seconds
Platform modules already initialized, skipping
Refreshing native plugins compatible for Editor in 0.41 ms, found 0 plugins.
Preloading 0 native plugins for Editor in 0.00 ms.
Unloading 1073 Unused Serialized files (Serialized files now loaded: 0)
System memory in use before: 59.1 MB.
System memory in use after: 59.2 MB.

Unloading 4 unused Assets to reduce memory usage. Loaded Objects now: 1540.
Total: 3.002000 ms (FindLiveObjects: 0.252300 ms CreateObjectMapping: 0.063800 ms MarkObjects: 2.652600 ms  DeleteObjects: 0.030700 ms)

========================================================================
Received Import Request.
  Time since last request: 678.579557 seconds.
  path: Assets/Prefabs/Tile/Terrain/Grass/GrassBase.prefab
  artifactKey: Guid(d0c1c689e6250b94bb621c73ebf92a55) Importer(815301076,1909f56bfc062723c751e8b465ee728b)
Start importing Assets/Prefabs/Tile/Terrain/Grass/GrassBase.prefab using Guid(d0c1c689e6250b94bb621c73ebf92a55) Importer(815301076,1909f56bfc062723c751e8b465ee728b)  -> (artifact id: '861f16834c962c8a3e37d4f1d75368e8') in 0.108799 seconds
  Import took 0.111590 seconds .

========================================================================
Received Prepare
Registering precompiled user dll's ...
Registered in 0.001177 seconds.
Begin MonoManager ReloadAssembly
Native extension for WindowsStandalone target not found
Refreshing native plugins compatible for Editor in 0.31 ms, found 0 plugins.
Preloading 0 native plugins for Editor in 0.00 ms.
Invoked RoslynAnalysisRunner static constructor.
RoslynAnalysisRunner will not be running.
RoslynAnalysisRunner has terminated.
Mono: successfully reloaded assembly
- Completed reload, in  1.085 seconds
Platform modules already initialized, skipping
Refreshing native plugins compatible for Editor in 0.29 ms, found 0 plugins.
Preloading 0 native plugins for Editor in 0.00 ms.
Unloading 1073 Unused Serialized files (Serialized files now loaded: 0)
System memory in use before: 59.1 MB.
System memory in use after: 59.2 MB.

Unloading 4 unused Assets to reduce memory usage. Loaded Objects now: 1543.
Total: 2.073500 ms (FindLiveObjects: 0.212800 ms CreateObjectMapping: 0.070500 ms MarkObjects: 1.773700 ms  DeleteObjects: 0.015300 ms)

========================================================================
Received Import Request.
  Time since last request: 89.594283 seconds.
  path: Assets/Prefabs/Tile/Terrain/Grass/GrassContent.prefab
  artifactKey: Guid(9f2c6bd59526b7c49a1a4df7fe3412bb) Importer(815301076,1909f56bfc062723c751e8b465ee728b)
Start importing Assets/Prefabs/Tile/Terrain/Grass/GrassContent.prefab using Guid(9f2c6bd59526b7c49a1a4df7fe3412bb) Importer(815301076,1909f56bfc062723c751e8b465ee728b)  -> (artifact id: 'e2cb84516c7328afcaf901dbddfd81d9') in 0.086911 seconds
  Import took 0.089620 seconds .

========================================================================
Received Import Request.
  Time since last request: 0.819549 seconds.
  path: Assets/Prefabs/Tile/Terrain/Grass/Grass
  artifactKey: Guid(83593b1811ff891408f571a791ad36fe) Importer(815301076,1909f56bfc062723c751e8b465ee728b)
Start importing Assets/Prefabs/Tile/Terrain/Grass/Grass using Guid(83593b1811ff891408f571a791ad36fe) Importer(815301076,1909f56bfc062723c751e8b465ee728b)  -> (artifact id: '7375a57c5b57952940b184ad487891c5') in 0.008405 seconds
  Import took 0.011131 seconds .

========================================================================
Received Import Request.
  Time since last request: 0.840557 seconds.
  path: Assets/Prefabs/Tile/Terrain/Grass/Grass/Grass.prefab
  artifactKey: Guid(b5509836597f116469055084f2a93286) Importer(815301076,1909f56bfc062723c751e8b465ee728b)
Start importing Assets/Prefabs/Tile/Terrain/Grass/Grass/Grass.prefab using Guid(b5509836597f116469055084f2a93286) Importer(815301076,1909f56bfc062723c751e8b465ee728b)  -> (artifact id: '0b6137a2840e42c37ab3bb423d4532c5') in 0.019436 seconds
  Import took 0.021941 seconds .

========================================================================
Received Import Request.
  Time since last request: 0.052912 seconds.
  path: Assets/Prefabs/Tile/Terrain/Grass/Grass/Grass.prefab
  artifactKey: Guid(b5509836597f116469055084f2a93286) Importer(815301076,1909f56bfc062723c751e8b465ee728b)
Start importing Assets/Prefabs/Tile/Terrain/Grass/Grass/Grass.prefab using Guid(b5509836597f116469055084f2a93286) Importer(815301076,1909f56bfc062723c751e8b465ee728b)  -> (artifact id: '0b6137a2840e42c37ab3bb423d4532c5') in 0.011557 seconds
  Import took 0.014184 seconds .

========================================================================
Received Prepare
Registering precompiled user dll's ...
Registered in 0.001144 seconds.
Begin MonoManager ReloadAssembly
Native extension for WindowsStandalone target not found
Refreshing native plugins compatible for Editor in 0.29 ms, found 0 plugins.
Preloading 0 native plugins for Editor in 0.00 ms.
Invoked RoslynAnalysisRunner static constructor.
RoslynAnalysisRunner will not be running.
RoslynAnalysisRunner has terminated.
Mono: successfully reloaded assembly
- Completed reload, in  1.043 seconds
Platform modules already initialized, skipping
Refreshing native plugins compatible for Editor in 0.28 ms, found 0 plugins.
Preloading 0 native plugins for Editor in 0.00 ms.
Unloading 1073 Unused Serialized files (Serialized files now loaded: 0)
System memory in use before: 59.2 MB.
System memory in use after: 59.3 MB.

Unloading 4 unused Assets to reduce memory usage. Loaded Objects now: 1546.
Total: 1.968100 ms (FindLiveObjects: 0.248600 ms CreateObjectMapping: 0.088300 ms MarkObjects: 1.612700 ms  DeleteObjects: 0.016500 ms)

========================================================================
Received Import Request.
  Time since last request: 54.575386 seconds.
  path: Assets/Prefabs/Tile/Terrain/Grass/Grass/Leaf.prefab
  artifactKey: Guid(754fc17a6868de541a60c8a4e5175043) Importer(815301076,1909f56bfc062723c751e8b465ee728b)
Start importing Assets/Prefabs/Tile/Terrain/Grass/Grass/Leaf.prefab using Guid(754fc17a6868de541a60c8a4e5175043) Importer(815301076,1909f56bfc062723c751e8b465ee728b)  -> (artifact id: 'ed3ff3a9a21f5c6960d809dbeb63fe8a') in 0.039091 seconds
  Import took 0.041811 seconds .

========================================================================
Received Import Request.
  Time since last request: 34.363139 seconds.
  path: Assets/Prefabs/Tile/Terrain/Grass/Grass/Grass.prefab
  artifactKey: Guid(b5509836597f116469055084f2a93286) Importer(815301076,1909f56bfc062723c751e8b465ee728b)
Start importing Assets/Prefabs/Tile/Terrain/Grass/Grass/Grass.prefab using Guid(b5509836597f116469055084f2a93286) Importer(815301076,1909f56bfc062723c751e8b465ee728b)  -> (artifact id: 'a480587b223768573c57b74dfe52d8d5') in 0.056167 seconds
  Import took 0.059123 seconds .

========================================================================
Received Import Request.
  Time since last request: 85.415128 seconds.
  path: Assets/Prefabs/Tile/Terrain/Grass/Grass/Grass.prefab
  artifactKey: Guid(b5509836597f116469055084f2a93286) Importer(815301076,1909f56bfc062723c751e8b465ee728b)
Start importing Assets/Prefabs/Tile/Terrain/Grass/Grass/Grass.prefab using Guid(b5509836597f116469055084f2a93286) Importer(815301076,1909f56bfc062723c751e8b465ee728b)  -> (artifact id: '27d47dcbec3c867b572a62de45f68ec7') in 0.025536 seconds
  Import took 0.028235 seconds .

========================================================================
Received Import Request.
  Time since last request: 0.002245 seconds.
  path: Assets/Prefabs/Tile/Terrain/Grass/Grass/Grass.prefab
  artifactKey: Guid(b5509836597f116469055084f2a93286) Importer(815301076,1909f56bfc062723c751e8b465ee728b)
Start importing Assets/Prefabs/Tile/Terrain/Grass/Grass/Grass.prefab using Guid(b5509836597f116469055084f2a93286) Importer(815301076,1909f56bfc062723c751e8b465ee728b)  -> (artifact id: '27d47dcbec3c867b572a62de45f68ec7') in 0.014834 seconds
  Import took 0.017657 seconds .

========================================================================
Received Import Request.
  Time since last request: 2.150482 seconds.
  path: Assets/Prefabs/Tile/Terrain/Grass/Grass/Leaf.prefab
  artifactKey: Guid(754fc17a6868de541a60c8a4e5175043) Importer(815301076,1909f56bfc062723c751e8b465ee728b)
Start importing Assets/Prefabs/Tile/Terrain/Grass/Grass/Leaf.prefab using Guid(754fc17a6868de541a60c8a4e5175043) Importer(815301076,1909f56bfc062723c751e8b465ee728b)  -> (artifact id: '7310394b2856979f706355cfead47c08') in 0.018868 seconds
  Import took 0.021480 seconds .

========================================================================
Received Import Request.
  Time since last request: 1.379906 seconds.
  path: Assets/Prefabs/Tile/Terrain/Grass/GrassData.asset
  artifactKey: Guid(90a27954ed3c7334fb9954c9f0da2b10) Importer(815301076,1909f56bfc062723c751e8b465ee728b)
Start importing Assets/Prefabs/Tile/Terrain/Grass/GrassData.asset using Guid(90a27954ed3c7334fb9954c9f0da2b10) Importer(815301076,1909f56bfc062723c751e8b465ee728b)  -> (artifact id: '4c7b926c067624dfb995d23364dba3fd') in 0.016553 seconds
  Import took 0.021212 seconds .

========================================================================
Received Import Request.
  Time since last request: 2.108494 seconds.
  path: Assets/Prefabs/Tile/Terrain/Grass/GrassContent.prefab
  artifactKey: Guid(9f2c6bd59526b7c49a1a4df7fe3412bb) Importer(815301076,1909f56bfc062723c751e8b465ee728b)
Start importing Assets/Prefabs/Tile/Terrain/Grass/GrassContent.prefab using Guid(9f2c6bd59526b7c49a1a4df7fe3412bb) Importer(815301076,1909f56bfc062723c751e8b465ee728b)  -> (artifact id: 'e71f950f635e6b994bcc48a2a32d9c4d') in 0.036559 seconds
  Import took 0.040561 seconds .

========================================================================
Received Import Request.
  Time since last request: 62.303120 seconds.
  path: Assets/Prefabs/Tile/Terrain/Grass/GrassContent.prefab
  artifactKey: Guid(9f2c6bd59526b7c49a1a4df7fe3412bb) Importer(815301076,1909f56bfc062723c751e8b465ee728b)
Start importing Assets/Prefabs/Tile/Terrain/Grass/GrassContent.prefab using Guid(9f2c6bd59526b7c49a1a4df7fe3412bb) Importer(815301076,1909f56bfc062723c751e8b465ee728b)  -> (artifact id: 'a7efaffeb5e7990e3a80069a7cf1f3b4') in 0.102772 seconds
  Import took 0.106319 seconds .

========================================================================
Received Prepare
Registering precompiled user dll's ...
Registered in 0.000930 seconds.
Begin MonoManager ReloadAssembly
Native extension for WindowsStandalone target not found
Refreshing native plugins compatible for Editor in 0.41 ms, found 0 plugins.
Preloading 0 native plugins for Editor in 0.00 ms.
Invoked RoslynAnalysisRunner static constructor.
RoslynAnalysisRunner will not be running.
RoslynAnalysisRunner has terminated.
Mono: successfully reloaded assembly
- Completed reload, in  1.156 seconds
Platform modules already initialized, skipping
Refreshing native plugins compatible for Editor in 0.29 ms, found 0 plugins.
Preloading 0 native plugins for Editor in 0.00 ms.
Unloading 1073 Unused Serialized files (Serialized files now loaded: 0)
System memory in use before: 59.4 MB.
System memory in use after: 59.5 MB.

Unloading 4 unused Assets to reduce memory usage. Loaded Objects now: 1549.
Total: 2.484700 ms (FindLiveObjects: 0.230900 ms CreateObjectMapping: 0.065900 ms MarkObjects: 2.163300 ms  DeleteObjects: 0.022100 ms)

========================================================================
Received Prepare
Registering precompiled user dll's ...
Registered in 0.001370 seconds.
Begin MonoManager ReloadAssembly
Native extension for WindowsStandalone target not found
Refreshing native plugins compatible for Editor in 0.39 ms, found 0 plugins.
Preloading 0 native plugins for Editor in 0.00 ms.
Invoked RoslynAnalysisRunner static constructor.
RoslynAnalysisRunner will not be running.
RoslynAnalysisRunner has terminated.
Mono: successfully reloaded assembly
- Completed reload, in  1.064 seconds
Platform modules already initialized, skipping
Refreshing native plugins compatible for Editor in 0.29 ms, found 0 plugins.
Preloading 0 native plugins for Editor in 0.00 ms.
Unloading 1073 Unused Serialized files (Serialized files now loaded: 0)
System memory in use before: 59.4 MB.
System memory in use after: 59.5 MB.

Unloading 4 unused Assets to reduce memory usage. Loaded Objects now: 1551.
Total: 1.860000 ms (FindLiveObjects: 0.183700 ms CreateObjectMapping: 0.046600 ms MarkObjects: 1.613200 ms  DeleteObjects: 0.015400 ms)

========================================================================
Received Import Request.
  Time since last request: 101.932998 seconds.
  path: Assets/Prefabs/Tile/Terrain/Forest/Tree/Leafes.prefab
  artifactKey: Guid(6e7818b347281b54fbb77865fc88b8a9) Importer(815301076,1909f56bfc062723c751e8b465ee728b)
Start importing Assets/Prefabs/Tile/Terrain/Forest/Tree/Leafes.prefab using Guid(6e7818b347281b54fbb77865fc88b8a9) Importer(815301076,1909f56bfc062723c751e8b465ee728b)  -> (artifact id: '9cea8c88b4b91e345c551e217e562e14') in 0.155422 seconds
  Import took 0.158244 seconds .

========================================================================
Received Prepare
Registering precompiled user dll's ...
Registered in 0.001062 seconds.
Begin MonoManager ReloadAssembly
Native extension for WindowsStandalone target not found
Refreshing native plugins compatible for Editor in 0.32 ms, found 0 plugins.
Preloading 0 native plugins for Editor in 0.00 ms.
Invoked RoslynAnalysisRunner static constructor.
RoslynAnalysisRunner will not be running.
RoslynAnalysisRunner has terminated.
Mono: successfully reloaded assembly
- Completed reload, in  1.141 seconds
Platform modules already initialized, skipping
Refreshing native plugins compatible for Editor in 0.29 ms, found 0 plugins.
Preloading 0 native plugins for Editor in 0.00 ms.
Unloading 1073 Unused Serialized files (Serialized files now loaded: 0)
System memory in use before: 59.4 MB.
System memory in use after: 59.5 MB.

Unloading 4 unused Assets to reduce memory usage. Loaded Objects now: 1554.
Total: 1.943200 ms (FindLiveObjects: 0.185100 ms CreateObjectMapping: 0.047800 ms MarkObjects: 1.691900 ms  DeleteObjects: 0.016900 ms)

========================================================================
Received Prepare
Registering precompiled user dll's ...
Registered in 0.000905 seconds.
Begin MonoManager ReloadAssembly
Native extension for WindowsStandalone target not found
Refreshing native plugins compatible for Editor in 0.79 ms, found 0 plugins.
Preloading 0 native plugins for Editor in 0.00 ms.
Invoked RoslynAnalysisRunner static constructor.
RoslynAnalysisRunner will not be running.
RoslynAnalysisRunner has terminated.
Mono: successfully reloaded assembly
- Completed reload, in  1.246 seconds
Platform modules already initialized, skipping
Refreshing native plugins compatible for Editor in 0.29 ms, found 0 plugins.
Preloading 0 native plugins for Editor in 0.00 ms.
Unloading 1073 Unused Serialized files (Serialized files now loaded: 0)
System memory in use before: 59.4 MB.
System memory in use after: 59.5 MB.

Unloading 4 unused Assets to reduce memory usage. Loaded Objects now: 1556.
Total: 1.928000 ms (FindLiveObjects: 0.255600 ms CreateObjectMapping: 0.062700 ms MarkObjects: 1.591700 ms  DeleteObjects: 0.016500 ms)

========================================================================
Received Import Request.
  Time since last request: 131.581725 seconds.
  path: Assets/Prefabs/Tile/Terrain/Forest/Tree/New Lighting Settings.lighting
  artifactKey: Guid(3fefbb58c19300f45adac91cfccd03d7) Importer(815301076,1909f56bfc062723c751e8b465ee728b)
Start importing Assets/Prefabs/Tile/Terrain/Forest/Tree/New Lighting Settings.lighting using Guid(3fefbb58c19300f45adac91cfccd03d7) Importer(815301076,1909f56bfc062723c751e8b465ee728b)  -> (artifact id: '467b70cde50014fd3070f70704999afc') in 0.023474 seconds
  Import took 0.026198 seconds .

========================================================================
Received Import Request.
  Time since last request: 49.510438 seconds.
  path: Assets/Scenes/LevelLighting.lighting
  artifactKey: Guid(3fefbb58c19300f45adac91cfccd03d7) Importer(815301076,1909f56bfc062723c751e8b465ee728b)
Start importing Assets/Scenes/LevelLighting.lighting using Guid(3fefbb58c19300f45adac91cfccd03d7) Importer(815301076,1909f56bfc062723c751e8b465ee728b)  -> (artifact id: '50434071cb7d0f0149566483d5146629') in 0.015720 seconds
  Import took 0.019213 seconds .

========================================================================
Received Import Request.
  Time since last request: 2.302678 seconds.
  path: Assets/Scenes/Level.unity
  artifactKey: Guid(00e831bd7209165439d7b99d1aa6e9c3) Importer(815301076,1909f56bfc062723c751e8b465ee728b)
Start importing Assets/Scenes/Level.unity using Guid(00e831bd7209165439d7b99d1aa6e9c3) Importer(815301076,1909f56bfc062723c751e8b465ee728b)  -> (artifact id: '2402b678f7b89916c09e7ba2e411d1fa') in 0.011245 seconds
  Import took 0.014381 seconds .

========================================================================
Received Prepare
Registering precompiled user dll's ...
Registered in 0.001344 seconds.
Begin MonoManager ReloadAssembly
Native extension for WindowsStandalone target not found
Refreshing native plugins compatible for Editor in 0.29 ms, found 0 plugins.
Preloading 0 native plugins for Editor in 0.00 ms.
Invoked RoslynAnalysisRunner static constructor.
RoslynAnalysisRunner will not be running.
RoslynAnalysisRunner has terminated.
Mono: successfully reloaded assembly
- Completed reload, in  1.085 seconds
Platform modules already initialized, skipping
Refreshing native plugins compatible for Editor in 0.28 ms, found 0 plugins.
Preloading 0 native plugins for Editor in 0.00 ms.
Unloading 1073 Unused Serialized files (Serialized files now loaded: 0)
System memory in use before: 59.4 MB.
System memory in use after: 59.5 MB.

Unloading 4 unused Assets to reduce memory usage. Loaded Objects now: 1558.
Total: 2.068100 ms (FindLiveObjects: 0.170200 ms CreateObjectMapping: 0.065400 ms MarkObjects: 1.809100 ms  DeleteObjects: 0.014200 ms)

========================================================================
Received Import Request.
  Time since last request: 139.866592 seconds.
  path: Assets/Scenes/Level
  artifactKey: Guid(eeb8713f13ea63c44a029f81e3228bdc) Importer(815301076,1909f56bfc062723c751e8b465ee728b)
Start importing Assets/Scenes/Level using Guid(eeb8713f13ea63c44a029f81e3228bdc) Importer(815301076,1909f56bfc062723c751e8b465ee728b)  -> (artifact id: '9f7a970f2adc76a03733102b67057450') in 0.016129 seconds
  Import took 0.019420 seconds .

========================================================================
Received Import Request.
  Time since last request: 0.000567 seconds.
  path: Assets/Scenes/Level
  artifactKey: Guid(eeb8713f13ea63c44a029f81e3228bdc) Importer(815301076,1909f56bfc062723c751e8b465ee728b)
Start importing Assets/Scenes/Level using Guid(eeb8713f13ea63c44a029f81e3228bdc) Importer(815301076,1909f56bfc062723c751e8b465ee728b)  -> (artifact id: '9f7a970f2adc76a03733102b67057450') in 0.004901 seconds
  Import took 0.007645 seconds .

========================================================================
Received Import Request.
  Time since last request: 70.599024 seconds.
  path: Assets/Scenes/Level/LightingData.asset
  artifactKey: Guid(a9da893d38eaaa44fb99e927d0ff74a5) Importer(815301076,1909f56bfc062723c751e8b465ee728b)
Start importing Assets/Scenes/Level/LightingData.asset using Guid(a9da893d38eaaa44fb99e927d0ff74a5) Importer(815301076,1909f56bfc062723c751e8b465ee728b)  -> (artifact id: '9702cec735371b898598f90e75611dca') in 0.026468 seconds
  Import took 0.029150 seconds .

========================================================================
Received Import Request.
  Time since last request: 213.655601 seconds.
  path: Assets/Scripts/Tile/Terrain
  artifactKey: Guid(2418048f005460e42952395f777e37be) Importer(815301076,1909f56bfc062723c751e8b465ee728b)
Start importing Assets/Scripts/Tile/Terrain using Guid(2418048f005460e42952395f777e37be) Importer(815301076,1909f56bfc062723c751e8b465ee728b)  -> (artifact id: 'f0d71cbe43f44183b039d8bec7df60e0') in 0.011765 seconds
  Import took 0.015012 seconds .

========================================================================
Received Import Request.
  Time since last request: 38.115513 seconds.
  path: Assets/Prefabs/Tile/Terrain/Forest/Tree/Leafes.prefab
  artifactKey: Guid(6e7818b347281b54fbb77865fc88b8a9) Importer(815301076,1909f56bfc062723c751e8b465ee728b)
Start importing Assets/Prefabs/Tile/Terrain/Forest/Tree/Leafes.prefab using Guid(6e7818b347281b54fbb77865fc88b8a9) Importer(815301076,1909f56bfc062723c751e8b465ee728b)  -> (artifact id: '851d50b6208565878792aca3494c7c94') in 0.083497 seconds
  Import took 0.086515 seconds .

========================================================================
Received Import Request.
  Time since last request: 0.005432 seconds.
  path: Assets/Prefabs/Tile/Terrain/Forest/Tree/Leafes.prefab
  artifactKey: Guid(6e7818b347281b54fbb77865fc88b8a9) Importer(815301076,1909f56bfc062723c751e8b465ee728b)
Start importing Assets/Prefabs/Tile/Terrain/Forest/Tree/Leafes.prefab using Guid(6e7818b347281b54fbb77865fc88b8a9) Importer(815301076,1909f56bfc062723c751e8b465ee728b)  -> (artifact id: '851d50b6208565878792aca3494c7c94') in 0.014420 seconds
  Import took 0.016960 seconds .

========================================================================
Received Prepare
Registering precompiled user dll's ...
Registered in 0.001126 seconds.
Begin MonoManager ReloadAssembly
Native extension for WindowsStandalone target not found
Refreshing native plugins compatible for Editor in 0.29 ms, found 0 plugins.
Preloading 0 native plugins for Editor in 0.00 ms.
Invoked RoslynAnalysisRunner static constructor.
RoslynAnalysisRunner will not be running.
RoslynAnalysisRunner has terminated.
Mono: successfully reloaded assembly
- Completed reload, in  1.021 seconds
Platform modules already initialized, skipping
Refreshing native plugins compatible for Editor in 0.29 ms, found 0 plugins.
Preloading 0 native plugins for Editor in 0.00 ms.
Unloading 1073 Unused Serialized files (Serialized files now loaded: 0)
System memory in use before: 59.4 MB.
System memory in use after: 59.5 MB.

Unloading 4 unused Assets to reduce memory usage. Loaded Objects now: 1561.
Total: 1.865300 ms (FindLiveObjects: 0.221500 ms CreateObjectMapping: 0.049200 ms MarkObjects: 1.577500 ms  DeleteObjects: 0.015500 ms)

========================================================================
Received Import Request.
  Time since last request: 52.811334 seconds.
  path: Assets/Scripts/Tile
  artifactKey: Guid(0b1af0d36d1eb54449e79401385f7a4b) Importer(815301076,1909f56bfc062723c751e8b465ee728b)
Start importing Assets/Scripts/Tile using Guid(0b1af0d36d1eb54449e79401385f7a4b) Importer(815301076,1909f56bfc062723c751e8b465ee728b)  -> (artifact id: 'f0a8a4804caf50b6d7d6100f5bf8cd6f') in 0.020505 seconds
  Import took 0.023887 seconds .

========================================================================
Received Import Request.
  Time since last request: 2.620499 seconds.
  path: Assets/Scripts/Tile
  artifactKey: Guid(0b1af0d36d1eb54449e79401385f7a4b) Importer(815301076,1909f56bfc062723c751e8b465ee728b)
Start importing Assets/Scripts/Tile using Guid(0b1af0d36d1eb54449e79401385f7a4b) Importer(815301076,1909f56bfc062723c751e8b465ee728b)  -> (artifact id: 'f0a8a4804caf50b6d7d6100f5bf8cd6f') in 0.004890 seconds
  Import took 0.007829 seconds .

========================================================================
Received Prepare
Registering precompiled user dll's ...
Registered in 0.000883 seconds.
Begin MonoManager ReloadAssembly
Native extension for WindowsStandalone target not found
Refreshing native plugins compatible for Editor in 0.32 ms, found 0 plugins.
Preloading 0 native plugins for Editor in 0.00 ms.
Invoked RoslynAnalysisRunner static constructor.
RoslynAnalysisRunner will not be running.
RoslynAnalysisRunner has terminated.
Mono: successfully reloaded assembly
- Completed reload, in  1.151 seconds
Platform modules already initialized, skipping
Refreshing native plugins compatible for Editor in 0.30 ms, found 0 plugins.
Preloading 0 native plugins for Editor in 0.00 ms.
Unloading 1074 Unused Serialized files (Serialized files now loaded: 0)
System memory in use before: 59.5 MB.
System memory in use after: 59.6 MB.

Unloading 4 unused Assets to reduce memory usage. Loaded Objects now: 1564.
Total: 1.887200 ms (FindLiveObjects: 0.184800 ms CreateObjectMapping: 0.061000 ms MarkObjects: 1.617700 ms  DeleteObjects: 0.021800 ms)

========================================================================
Received Import Request.
  Time since last request: 5.207360 seconds.
  path: Assets/Scripts/Tile/TileData.cs
  artifactKey: Guid(4d23b0ecb2aeff448af0b9bdaa842898) Importer(815301076,1909f56bfc062723c751e8b465ee728b)
Start importing Assets/Scripts/Tile/TileData.cs using Guid(4d23b0ecb2aeff448af0b9bdaa842898) Importer(815301076,1909f56bfc062723c751e8b465ee728b)  -> (artifact id: '958fba89668cc64b48a040accdd6b5ee') in 0.014108 seconds
  Import took 0.017206 seconds .

========================================================================
Received Import Request.
  Time since last request: 248.909214 seconds.
  path: Assets/Scripts/Tile/TileData.cs
  artifactKey: Guid(4d23b0ecb2aeff448af0b9bdaa842898) Importer(815301076,1909f56bfc062723c751e8b465ee728b)
Start importing Assets/Scripts/Tile/TileData.cs using Guid(4d23b0ecb2aeff448af0b9bdaa842898) Importer(815301076,1909f56bfc062723c751e8b465ee728b)  -> (artifact id: '2600dcbde72f44f41f9b29ebbff4378f') in 0.006631 seconds
  Import took 0.009880 seconds .

========================================================================
Received Prepare
Registering precompiled user dll's ...
Registered in 0.000852 seconds.
Begin MonoManager ReloadAssembly
Native extension for WindowsStandalone target not found
Refreshing native plugins compatible for Editor in 0.38 ms, found 0 plugins.
Preloading 0 native plugins for Editor in 0.00 ms.
Invoked RoslynAnalysisRunner static constructor.
RoslynAnalysisRunner will not be running.
RoslynAnalysisRunner has terminated.
Mono: successfully reloaded assembly
- Completed reload, in  0.992 seconds
Platform modules already initialized, skipping
Refreshing native plugins compatible for Editor in 0.29 ms, found 0 plugins.
Preloading 0 native plugins for Editor in 0.00 ms.
Unloading 1074 Unused Serialized files (Serialized files now loaded: 0)
System memory in use before: 59.5 MB.
System memory in use after: 59.6 MB.

Unloading 4 unused Assets to reduce memory usage. Loaded Objects now: 1566.
Total: 1.726000 ms (FindLiveObjects: 0.162400 ms CreateObjectMapping: 0.050800 ms MarkObjects: 1.493500 ms  DeleteObjects: 0.017900 ms)

========================================================================
Received Import Request.
  Time since last request: 1064.703121 seconds.
  path: Assets/Scripts/Tile/TileData.cs
  artifactKey: Guid(4d23b0ecb2aeff448af0b9bdaa842898) Importer(815301076,1909f56bfc062723c751e8b465ee728b)
Start importing Assets/Scripts/Tile/TileData.cs using Guid(4d23b0ecb2aeff448af0b9bdaa842898) Importer(815301076,1909f56bfc062723c751e8b465ee728b)  -> (artifact id: '2d31b76cd2d1b198a3af48ec1cd4b6dc') in 0.006793 seconds
  Import took 0.009025 seconds .

========================================================================
Received Prepare
Registering precompiled user dll's ...
Registered in 0.000883 seconds.
Begin MonoManager ReloadAssembly
Native extension for WindowsStandalone target not found
Refreshing native plugins compatible for Editor in 0.29 ms, found 0 plugins.
Preloading 0 native plugins for Editor in 0.00 ms.
Invoked RoslynAnalysisRunner static constructor.
RoslynAnalysisRunner will not be running.
RoslynAnalysisRunner has terminated.
Mono: successfully reloaded assembly
- Completed reload, in  1.008 seconds
Platform modules already initialized, skipping
Refreshing native plugins compatible for Editor in 0.29 ms, found 0 plugins.
Preloading 0 native plugins for Editor in 0.00 ms.
Unloading 1074 Unused Serialized files (Serialized files now loaded: 0)
System memory in use before: 59.5 MB.
System memory in use after: 59.6 MB.

Unloading 4 unused Assets to reduce memory usage. Loaded Objects now: 1568.
Total: 1.759900 ms (FindLiveObjects: 0.130000 ms CreateObjectMapping: 0.046600 ms MarkObjects: 1.567700 ms  DeleteObjects: 0.014400 ms)

========================================================================
Received Prepare
Registering precompiled user dll's ...
Registered in 0.001012 seconds.
Begin MonoManager ReloadAssembly
Native extension for WindowsStandalone target not found
Refreshing native plugins compatible for Editor in 0.29 ms, found 0 plugins.
Preloading 0 native plugins for Editor in 0.00 ms.
Invoked RoslynAnalysisRunner static constructor.
RoslynAnalysisRunner will not be running.
RoslynAnalysisRunner has terminated.
Mono: successfully reloaded assembly
- Completed reload, in  1.003 seconds
Platform modules already initialized, skipping
Refreshing native plugins compatible for Editor in 0.30 ms, found 0 plugins.
Preloading 0 native plugins for Editor in 0.00 ms.
Unloading 1074 Unused Serialized files (Serialized files now loaded: 0)
System memory in use before: 59.5 MB.
System memory in use after: 59.6 MB.

Unloading 4 unused Assets to reduce memory usage. Loaded Objects now: 1570.
Total: 1.837800 ms (FindLiveObjects: 0.191900 ms CreateObjectMapping: 0.053200 ms MarkObjects: 1.554700 ms  DeleteObjects: 0.036100 ms)

========================================================================
Received Prepare
Registering precompiled user dll's ...
Registered in 0.000841 seconds.
Begin MonoManager ReloadAssembly
Native extension for WindowsStandalone target not found
Refreshing native plugins compatible for Editor in 0.30 ms, found 0 plugins.
Preloading 0 native plugins for Editor in 0.00 ms.
Invoked RoslynAnalysisRunner static constructor.
RoslynAnalysisRunner will not be running.
RoslynAnalysisRunner has terminated.
Mono: successfully reloaded assembly
- Completed reload, in  1.009 seconds
Platform modules already initialized, skipping
Refreshing native plugins compatible for Editor in 0.38 ms, found 0 plugins.
Preloading 0 native plugins for Editor in 0.00 ms.
Unloading 1074 Unused Serialized files (Serialized files now loaded: 0)
System memory in use before: 59.5 MB.
System memory in use after: 59.6 MB.

Unloading 4 unused Assets to reduce memory usage. Loaded Objects now: 1572.
Total: 3.444500 ms (FindLiveObjects: 0.199300 ms CreateObjectMapping: 0.052200 ms MarkObjects: 3.162000 ms  DeleteObjects: 0.028200 ms)

========================================================================
Received Prepare
Registering precompiled user dll's ...
Registered in 0.001119 seconds.
Begin MonoManager ReloadAssembly
Native extension for WindowsStandalone target not found
Refreshing native plugins compatible for Editor in 0.29 ms, found 0 plugins.
Preloading 0 native plugins for Editor in 0.00 ms.
Invoked RoslynAnalysisRunner static constructor.
RoslynAnalysisRunner will not be running.
RoslynAnalysisRunner has terminated.
Mono: successfully reloaded assembly
- Completed reload, in  1.012 seconds
Platform modules already initialized, skipping
Refreshing native plugins compatible for Editor in 0.38 ms, found 0 plugins.
Preloading 0 native plugins for Editor in 0.00 ms.
Unloading 1074 Unused Serialized files (Serialized files now loaded: 0)
System memory in use before: 59.5 MB.
System memory in use after: 59.6 MB.

Unloading 4 unused Assets to reduce memory usage. Loaded Objects now: 1574.
Total: 1.818100 ms (FindLiveObjects: 0.186500 ms CreateObjectMapping: 0.058100 ms MarkObjects: 1.556800 ms  DeleteObjects: 0.015500 ms)

========================================================================
Received Prepare
Registering precompiled user dll's ...
Registered in 0.001087 seconds.
Begin MonoManager ReloadAssembly
Native extension for WindowsStandalone target not found
Refreshing native plugins compatible for Editor in 0.29 ms, found 0 plugins.
Preloading 0 native plugins for Editor in 0.00 ms.
Invoked RoslynAnalysisRunner static constructor.
RoslynAnalysisRunner will not be running.
RoslynAnalysisRunner has terminated.
Mono: successfully reloaded assembly
- Completed reload, in  1.020 seconds
Platform modules already initialized, skipping
Refreshing native plugins compatible for Editor in 0.33 ms, found 0 plugins.
Preloading 0 native plugins for Editor in 0.00 ms.
Unloading 1074 Unused Serialized files (Serialized files now loaded: 0)
System memory in use before: 59.5 MB.
System memory in use after: 59.6 MB.

Unloading 4 unused Assets to reduce memory usage. Loaded Objects now: 1576.
Total: 3.528700 ms (FindLiveObjects: 0.306100 ms CreateObjectMapping: 0.064500 ms MarkObjects: 3.120000 ms  DeleteObjects: 0.035700 ms)

========================================================================
Received Prepare
Registering precompiled user dll's ...
Registered in 0.000909 seconds.
Begin MonoManager ReloadAssembly
Native extension for WindowsStandalone target not found
Refreshing native plugins compatible for Editor in 0.29 ms, found 0 plugins.
Preloading 0 native plugins for Editor in 0.00 ms.
Invoked RoslynAnalysisRunner static constructor.
RoslynAnalysisRunner will not be running.
RoslynAnalysisRunner has terminated.
Mono: successfully reloaded assembly
- Completed reload, in  1.039 seconds
Platform modules already initialized, skipping
Refreshing native plugins compatible for Editor in 0.31 ms, found 0 plugins.
Preloading 0 native plugins for Editor in 0.00 ms.
Unloading 1074 Unused Serialized files (Serialized files now loaded: 0)
System memory in use before: 59.5 MB.
System memory in use after: 59.6 MB.

Unloading 4 unused Assets to reduce memory usage. Loaded Objects now: 1578.
Total: 2.036200 ms (FindLiveObjects: 0.240900 ms CreateObjectMapping: 0.061600 ms MarkObjects: 1.713000 ms  DeleteObjects: 0.019300 ms)

========================================================================
Received Prepare
Registering precompiled user dll's ...
Registered in 0.000901 seconds.
Begin MonoManager ReloadAssembly
Native extension for WindowsStandalone target not found
Refreshing native plugins compatible for Editor in 0.31 ms, found 0 plugins.
Preloading 0 native plugins for Editor in 0.00 ms.
Invoked RoslynAnalysisRunner static constructor.
RoslynAnalysisRunner will not be running.
RoslynAnalysisRunner has terminated.
Mono: successfully reloaded assembly
- Completed reload, in  1.018 seconds
Platform modules already initialized, skipping
Refreshing native plugins compatible for Editor in 0.26 ms, found 0 plugins.
Preloading 0 native plugins for Editor in 0.00 ms.
Unloading 1074 Unused Serialized files (Serialized files now loaded: 0)
System memory in use before: 59.5 MB.
System memory in use after: 59.6 MB.

Unloading 4 unused Assets to reduce memory usage. Loaded Objects now: 1580.
Total: 1.785800 ms (FindLiveObjects: 0.168600 ms CreateObjectMapping: 0.049400 ms MarkObjects: 1.544500 ms  DeleteObjects: 0.022000 ms)

========================================================================
Received Prepare
Registering precompiled user dll's ...
Registered in 0.001106 seconds.
Begin MonoManager ReloadAssembly
Native extension for WindowsStandalone target not found
Refreshing native plugins compatible for Editor in 0.30 ms, found 0 plugins.
Preloading 0 native plugins for Editor in 0.00 ms.
Invoked RoslynAnalysisRunner static constructor.
RoslynAnalysisRunner will not be running.
RoslynAnalysisRunner has terminated.
Mono: successfully reloaded assembly
- Completed reload, in  1.037 seconds
Platform modules already initialized, skipping
Refreshing native plugins compatible for Editor in 0.32 ms, found 0 plugins.
Preloading 0 native plugins for Editor in 0.00 ms.
Unloading 1074 Unused Serialized files (Serialized files now loaded: 0)
System memory in use before: 59.5 MB.
System memory in use after: 59.6 MB.

Unloading 4 unused Assets to reduce memory usage. Loaded Objects now: 1582.
Total: 2.633200 ms (FindLiveObjects: 0.273900 ms CreateObjectMapping: 0.066200 ms MarkObjects: 2.270800 ms  DeleteObjects: 0.020500 ms)

========================================================================
Received Prepare
Registering precompiled user dll's ...
Registered in 0.000810 seconds.
Begin MonoManager ReloadAssembly
Native extension for WindowsStandalone target not found
Refreshing native plugins compatible for Editor in 0.29 ms, found 0 plugins.
Preloading 0 native plugins for Editor in 0.00 ms.
Invoked RoslynAnalysisRunner static constructor.
RoslynAnalysisRunner will not be running.
RoslynAnalysisRunner has terminated.
Mono: successfully reloaded assembly
- Completed reload, in  1.057 seconds
Platform modules already initialized, skipping
Refreshing native plugins compatible for Editor in 0.28 ms, found 0 plugins.
Preloading 0 native plugins for Editor in 0.00 ms.
Unloading 1074 Unused Serialized files (Serialized files now loaded: 0)
System memory in use before: 59.5 MB.
System memory in use after: 59.6 MB.

Unloading 4 unused Assets to reduce memory usage. Loaded Objects now: 1584.
Total: 2.244500 ms (FindLiveObjects: 0.179400 ms CreateObjectMapping: 0.088900 ms MarkObjects: 1.958400 ms  DeleteObjects: 0.016600 ms)

========================================================================
Received Prepare
Registering precompiled user dll's ...
Registered in 0.001166 seconds.
Begin MonoManager ReloadAssembly
Native extension for WindowsStandalone target not found
Refreshing native plugins compatible for Editor in 0.35 ms, found 0 plugins.
Preloading 0 native plugins for Editor in 0.00 ms.
Invoked RoslynAnalysisRunner static constructor.
RoslynAnalysisRunner will not be running.
RoslynAnalysisRunner has terminated.
Mono: successfully reloaded assembly
- Completed reload, in  1.321 seconds
Platform modules already initialized, skipping
Refreshing native plugins compatible for Editor in 0.31 ms, found 0 plugins.
Preloading 0 native plugins for Editor in 0.00 ms.
Unloading 1074 Unused Serialized files (Serialized files now loaded: 0)
System memory in use before: 59.5 MB.
System memory in use after: 59.6 MB.

Unloading 4 unused Assets to reduce memory usage. Loaded Objects now: 1586.
Total: 2.372900 ms (FindLiveObjects: 0.290500 ms CreateObjectMapping: 0.081700 ms MarkObjects: 1.971000 ms  DeleteObjects: 0.025800 ms)

========================================================================
Received Prepare
Registering precompiled user dll's ...
Registered in 0.000974 seconds.
Begin MonoManager ReloadAssembly
Native extension for WindowsStandalone target not found
Refreshing native plugins compatible for Editor in 0.29 ms, found 0 plugins.
Preloading 0 native plugins for Editor in 0.00 ms.
Invoked RoslynAnalysisRunner static constructor.
RoslynAnalysisRunner will not be running.
RoslynAnalysisRunner has terminated.
Mono: successfully reloaded assembly
- Completed reload, in  1.011 seconds
Platform modules already initialized, skipping
Refreshing native plugins compatible for Editor in 0.31 ms, found 0 plugins.
Preloading 0 native plugins for Editor in 0.00 ms.
Unloading 1074 Unused Serialized files (Serialized files now loaded: 0)
System memory in use before: 59.5 MB.
System memory in use after: 59.6 MB.

Unloading 4 unused Assets to reduce memory usage. Loaded Objects now: 1588.
Total: 1.853400 ms (FindLiveObjects: 0.199300 ms CreateObjectMapping: 0.066900 ms MarkObjects: 1.569000 ms  DeleteObjects: 0.016500 ms)

========================================================================
Received Prepare
Registering precompiled user dll's ...
Registered in 0.001067 seconds.
Begin MonoManager ReloadAssembly
Native extension for WindowsStandalone target not found
Refreshing native plugins compatible for Editor in 0.30 ms, found 0 plugins.
Preloading 0 native plugins for Editor in 0.00 ms.
Invoked RoslynAnalysisRunner static constructor.
RoslynAnalysisRunner will not be running.
RoslynAnalysisRunner has terminated.
Mono: successfully reloaded assembly
- Completed reload, in  1.018 seconds
Platform modules already initialized, skipping
Refreshing native plugins compatible for Editor in 0.30 ms, found 0 plugins.
Preloading 0 native plugins for Editor in 0.00 ms.
Unloading 1074 Unused Serialized files (Serialized files now loaded: 0)
System memory in use before: 59.5 MB.
System memory in use after: 59.6 MB.

Unloading 4 unused Assets to reduce memory usage. Loaded Objects now: 1590.
Total: 1.922200 ms (FindLiveObjects: 0.259700 ms CreateObjectMapping: 0.063000 ms MarkObjects: 1.580500 ms  DeleteObjects: 0.016900 ms)

========================================================================
Received Prepare
Registering precompiled user dll's ...
Registered in 0.001024 seconds.
Begin MonoManager ReloadAssembly
Native extension for WindowsStandalone target not found
Refreshing native plugins compatible for Editor in 0.30 ms, found 0 plugins.
Preloading 0 native plugins for Editor in 0.00 ms.
Invoked RoslynAnalysisRunner static constructor.
RoslynAnalysisRunner will not be running.
RoslynAnalysisRunner has terminated.
Mono: successfully reloaded assembly
- Completed reload, in  1.025 seconds
Platform modules already initialized, skipping
Refreshing native plugins compatible for Editor in 0.29 ms, found 0 plugins.
Preloading 0 native plugins for Editor in 0.00 ms.
Unloading 1074 Unused Serialized files (Serialized files now loaded: 0)
System memory in use before: 59.5 MB.
System memory in use after: 59.6 MB.

Unloading 4 unused Assets to reduce memory usage. Loaded Objects now: 1592.
Total: 2.441100 ms (FindLiveObjects: 0.304200 ms CreateObjectMapping: 0.075100 ms MarkObjects: 2.033600 ms  DeleteObjects: 0.025300 ms)

========================================================================
Received Prepare
Registering precompiled user dll's ...
Registered in 0.001262 seconds.
Begin MonoManager ReloadAssembly
Native extension for WindowsStandalone target not found
Refreshing native plugins compatible for Editor in 0.31 ms, found 0 plugins.
Preloading 0 native plugins for Editor in 0.00 ms.
Invoked RoslynAnalysisRunner static constructor.
RoslynAnalysisRunner will not be running.
RoslynAnalysisRunner has terminated.
Mono: successfully reloaded assembly
- Completed reload, in  1.013 seconds
Platform modules already initialized, skipping
Refreshing native plugins compatible for Editor in 0.30 ms, found 0 plugins.
Preloading 0 native plugins for Editor in 0.00 ms.
Unloading 1074 Unused Serialized files (Serialized files now loaded: 0)
System memory in use before: 59.5 MB.
System memory in use after: 59.6 MB.

Unloading 4 unused Assets to reduce memory usage. Loaded Objects now: 1594.
Total: 2.059400 ms (FindLiveObjects: 0.263300 ms CreateObjectMapping: 0.061200 ms MarkObjects: 1.700700 ms  DeleteObjects: 0.032700 ms)

========================================================================
Received Prepare
Registering precompiled user dll's ...
Registered in 0.000894 seconds.
Begin MonoManager ReloadAssembly
Native extension for WindowsStandalone target not found
Refreshing native plugins compatible for Editor in 0.29 ms, found 0 plugins.
Preloading 0 native plugins for Editor in 0.00 ms.
Invoked RoslynAnalysisRunner static constructor.
RoslynAnalysisRunner will not be running.
RoslynAnalysisRunner has terminated.
Mono: successfully reloaded assembly
- Completed reload, in  0.979 seconds
Platform modules already initialized, skipping
Refreshing native plugins compatible for Editor in 0.26 ms, found 0 plugins.
Preloading 0 native plugins for Editor in 0.00 ms.
Unloading 1074 Unused Serialized files (Serialized files now loaded: 0)
System memory in use before: 59.5 MB.
System memory in use after: 59.6 MB.

Unloading 4 unused Assets to reduce memory usage. Loaded Objects now: 1596.
Total: 1.813300 ms (FindLiveObjects: 0.140400 ms CreateObjectMapping: 0.046900 ms MarkObjects: 1.609100 ms  DeleteObjects: 0.015600 ms)

========================================================================
Received Prepare
Registering precompiled user dll's ...
Registered in 0.001272 seconds.
Begin MonoManager ReloadAssembly
Native extension for WindowsStandalone target not found
Refreshing native plugins compatible for Editor in 0.39 ms, found 0 plugins.
Preloading 0 native plugins for Editor in 0.00 ms.
Invoked RoslynAnalysisRunner static constructor.
RoslynAnalysisRunner will not be running.
RoslynAnalysisRunner has terminated.
Mono: successfully reloaded assembly
- Completed reload, in  1.018 seconds
Platform modules already initialized, skipping
Refreshing native plugins compatible for Editor in 0.28 ms, found 0 plugins.
Preloading 0 native plugins for Editor in 0.00 ms.
Unloading 1074 Unused Serialized files (Serialized files now loaded: 0)
System memory in use before: 59.5 MB.
System memory in use after: 59.6 MB.

Unloading 4 unused Assets to reduce memory usage. Loaded Objects now: 1598.
Total: 2.102600 ms (FindLiveObjects: 0.268600 ms CreateObjectMapping: 0.064800 ms MarkObjects: 1.750500 ms  DeleteObjects: 0.017200 ms)

========================================================================
Received Prepare
Registering precompiled user dll's ...
Registered in 0.000823 seconds.
Begin MonoManager ReloadAssembly
Native extension for WindowsStandalone target not found
Refreshing native plugins compatible for Editor in 0.29 ms, found 0 plugins.
Preloading 0 native plugins for Editor in 0.00 ms.
Invoked RoslynAnalysisRunner static constructor.
RoslynAnalysisRunner will not be running.
RoslynAnalysisRunner has terminated.
Mono: successfully reloaded assembly
- Completed reload, in  1.000 seconds
Platform modules already initialized, skipping
Refreshing native plugins compatible for Editor in 0.30 ms, found 0 plugins.
Preloading 0 native plugins for Editor in 0.00 ms.
Unloading 1074 Unused Serialized files (Serialized files now loaded: 0)
System memory in use before: 59.5 MB.
System memory in use after: 59.6 MB.

Unloading 4 unused Assets to reduce memory usage. Loaded Objects now: 1600.
Total: 1.804900 ms (FindLiveObjects: 0.160500 ms CreateObjectMapping: 0.048300 ms MarkObjects: 1.579200 ms  DeleteObjects: 0.015700 ms)

========================================================================
Received Prepare
Registering precompiled user dll's ...
Registered in 0.000836 seconds.
Begin MonoManager ReloadAssembly
Native extension for WindowsStandalone target not found
Refreshing native plugins compatible for Editor in 0.34 ms, found 0 plugins.
Preloading 0 native plugins for Editor in 0.00 ms.
Invoked RoslynAnalysisRunner static constructor.
RoslynAnalysisRunner will not be running.
RoslynAnalysisRunner has terminated.
Mono: successfully reloaded assembly
- Completed reload, in  1.030 seconds
Platform modules already initialized, skipping
Refreshing native plugins compatible for Editor in 0.29 ms, found 0 plugins.
Preloading 0 native plugins for Editor in 0.00 ms.
Unloading 1074 Unused Serialized files (Serialized files now loaded: 0)
System memory in use before: 59.6 MB.
System memory in use after: 59.7 MB.

Unloading 4 unused Assets to reduce memory usage. Loaded Objects now: 1602.
Total: 1.861100 ms (FindLiveObjects: 0.165300 ms CreateObjectMapping: 0.051200 ms MarkObjects: 1.618900 ms  DeleteObjects: 0.024200 ms)

========================================================================
Received Prepare
Registering precompiled user dll's ...
Registered in 0.001388 seconds.
Begin MonoManager ReloadAssembly
Native extension for WindowsStandalone target not found
Refreshing native plugins compatible for Editor in 0.31 ms, found 0 plugins.
Preloading 0 native plugins for Editor in 0.00 ms.
Invoked RoslynAnalysisRunner static constructor.
RoslynAnalysisRunner will not be running.
RoslynAnalysisRunner has terminated.
Mono: successfully reloaded assembly
- Completed reload, in  0.985 seconds
Platform modules already initialized, skipping
Refreshing native plugins compatible for Editor in 0.31 ms, found 0 plugins.
Preloading 0 native plugins for Editor in 0.00 ms.
Unloading 1074 Unused Serialized files (Serialized files now loaded: 0)
System memory in use before: 59.6 MB.
System memory in use after: 59.7 MB.

Unloading 4 unused Assets to reduce memory usage. Loaded Objects now: 1604.
Total: 1.876000 ms (FindLiveObjects: 0.168900 ms CreateObjectMapping: 0.048400 ms MarkObjects: 1.638900 ms  DeleteObjects: 0.018100 ms)

========================================================================
Received Prepare
Registering precompiled user dll's ...
Registered in 0.000901 seconds.
Begin MonoManager ReloadAssembly
Native extension for WindowsStandalone target not found
Refreshing native plugins compatible for Editor in 0.32 ms, found 0 plugins.
Preloading 0 native plugins for Editor in 0.00 ms.
Invoked RoslynAnalysisRunner static constructor.
RoslynAnalysisRunner will not be running.
RoslynAnalysisRunner has terminated.
Mono: successfully reloaded assembly
- Completed reload, in  0.997 seconds
Platform modules already initialized, skipping
Refreshing native plugins compatible for Editor in 0.30 ms, found 0 plugins.
Preloading 0 native plugins for Editor in 0.00 ms.
Unloading 1074 Unused Serialized files (Serialized files now loaded: 0)
System memory in use before: 59.6 MB.
System memory in use after: 59.7 MB.

Unloading 4 unused Assets to reduce memory usage. Loaded Objects now: 1606.
Total: 1.949000 ms (FindLiveObjects: 0.250000 ms CreateObjectMapping: 0.067400 ms MarkObjects: 1.604700 ms  DeleteObjects: 0.024500 ms)

========================================================================
Received Prepare
Registering precompiled user dll's ...
Registered in 0.001001 seconds.
Begin MonoManager ReloadAssembly
Native extension for WindowsStandalone target not found
Refreshing native plugins compatible for Editor in 0.30 ms, found 0 plugins.
Preloading 0 native plugins for Editor in 0.00 ms.
Invoked RoslynAnalysisRunner static constructor.
RoslynAnalysisRunner will not be running.
RoslynAnalysisRunner has terminated.
Mono: successfully reloaded assembly
- Completed reload, in  1.019 seconds
Platform modules already initialized, skipping
Refreshing native plugins compatible for Editor in 0.32 ms, found 0 plugins.
Preloading 0 native plugins for Editor in 0.00 ms.
Unloading 1074 Unused Serialized files (Serialized files now loaded: 0)
System memory in use before: 59.6 MB.
System memory in use after: 59.7 MB.

Unloading 4 unused Assets to reduce memory usage. Loaded Objects now: 1608.
Total: 1.864500 ms (FindLiveObjects: 0.240900 ms CreateObjectMapping: 0.059200 ms MarkObjects: 1.548000 ms  DeleteObjects: 0.015200 ms)

========================================================================
Received Prepare
Registering precompiled user dll's ...
Registered in 0.000745 seconds.
Begin MonoManager ReloadAssembly
Native extension for WindowsStandalone target not found
Refreshing native plugins compatible for Editor in 0.32 ms, found 0 plugins.
Preloading 0 native plugins for Editor in 0.00 ms.
Invoked RoslynAnalysisRunner static constructor.
RoslynAnalysisRunner will not be running.
RoslynAnalysisRunner has terminated.
Mono: successfully reloaded assembly
- Completed reload, in  1.019 seconds
Platform modules already initialized, skipping
Refreshing native plugins compatible for Editor in 0.32 ms, found 0 plugins.
Preloading 0 native plugins for Editor in 0.00 ms.
Unloading 1074 Unused Serialized files (Serialized files now loaded: 0)
System memory in use before: 59.6 MB.
System memory in use after: 59.7 MB.

Unloading 4 unused Assets to reduce memory usage. Loaded Objects now: 1610.
Total: 2.039300 ms (FindLiveObjects: 0.314400 ms CreateObjectMapping: 0.062100 ms MarkObjects: 1.644600 ms  DeleteObjects: 0.016600 ms)

========================================================================
Received Prepare
Registering precompiled user dll's ...
Registered in 0.001351 seconds.
Begin MonoManager ReloadAssembly
Native extension for WindowsStandalone target not found
Refreshing native plugins compatible for Editor in 0.37 ms, found 0 plugins.
Preloading 0 native plugins for Editor in 0.00 ms.
Invoked RoslynAnalysisRunner static constructor.
RoslynAnalysisRunner will not be running.
RoslynAnalysisRunner has terminated.
Mono: successfully reloaded assembly
- Completed reload, in  1.018 seconds
Platform modules already initialized, skipping
Refreshing native plugins compatible for Editor in 0.34 ms, found 0 plugins.
Preloading 0 native plugins for Editor in 0.00 ms.
Unloading 1074 Unused Serialized files (Serialized files now loaded: 0)
System memory in use before: 59.6 MB.
System memory in use after: 59.7 MB.

Unloading 4 unused Assets to reduce memory usage. Loaded Objects now: 1612.
Total: 1.837900 ms (FindLiveObjects: 0.150500 ms CreateObjectMapping: 0.048700 ms MarkObjects: 1.620800 ms  DeleteObjects: 0.016500 ms)

========================================================================
Received Prepare
Registering precompiled user dll's ...
Registered in 0.000992 seconds.
Begin MonoManager ReloadAssembly
Native extension for WindowsStandalone target not found
Refreshing native plugins compatible for Editor in 0.40 ms, found 0 plugins.
Preloading 0 native plugins for Editor in 0.00 ms.
Invoked RoslynAnalysisRunner static constructor.
RoslynAnalysisRunner will not be running.
RoslynAnalysisRunner has terminated.
Mono: successfully reloaded assembly
- Completed reload, in  1.006 seconds
Platform modules already initialized, skipping
Refreshing native plugins compatible for Editor in 0.30 ms, found 0 plugins.
Preloading 0 native plugins for Editor in 0.00 ms.
Unloading 1074 Unused Serialized files (Serialized files now loaded: 0)
System memory in use before: 59.6 MB.
System memory in use after: 59.7 MB.

Unloading 4 unused Assets to reduce memory usage. Loaded Objects now: 1614.
Total: 2.373200 ms (FindLiveObjects: 0.184800 ms CreateObjectMapping: 0.053800 ms MarkObjects: 2.096100 ms  DeleteObjects: 0.036300 ms)

========================================================================
Received Prepare
Registering precompiled user dll's ...
Registered in 0.000873 seconds.
Begin MonoManager ReloadAssembly
Native extension for WindowsStandalone target not found
Refreshing native plugins compatible for Editor in 0.28 ms, found 0 plugins.
Preloading 0 native plugins for Editor in 0.00 ms.
Invoked RoslynAnalysisRunner static constructor.
RoslynAnalysisRunner will not be running.
RoslynAnalysisRunner has terminated.
Mono: successfully reloaded assembly
- Completed reload, in  1.036 seconds
Platform modules already initialized, skipping
Refreshing native plugins compatible for Editor in 0.36 ms, found 0 plugins.
Preloading 0 native plugins for Editor in 0.00 ms.
Unloading 1074 Unused Serialized files (Serialized files now loaded: 0)
System memory in use before: 59.6 MB.
System memory in use after: 59.7 MB.

Unloading 4 unused Assets to reduce memory usage. Loaded Objects now: 1616.
Total: 1.912200 ms (FindLiveObjects: 0.202900 ms CreateObjectMapping: 0.048500 ms MarkObjects: 1.636400 ms  DeleteObjects: 0.023100 ms)

========================================================================
Received Prepare
Registering precompiled user dll's ...
Registered in 0.000996 seconds.
Begin MonoManager ReloadAssembly
Native extension for WindowsStandalone target not found
Refreshing native plugins compatible for Editor in 0.28 ms, found 0 plugins.
Preloading 0 native plugins for Editor in 0.00 ms.
Invoked RoslynAnalysisRunner static constructor.
RoslynAnalysisRunner will not be running.
RoslynAnalysisRunner has terminated.
Mono: successfully reloaded assembly
- Completed reload, in  1.012 seconds
Platform modules already initialized, skipping
Refreshing native plugins compatible for Editor in 0.28 ms, found 0 plugins.
Preloading 0 native plugins for Editor in 0.00 ms.
Unloading 1074 Unused Serialized files (Serialized files now loaded: 0)
System memory in use before: 59.6 MB.
System memory in use after: 59.7 MB.

Unloading 4 unused Assets to reduce memory usage. Loaded Objects now: 1618.
Total: 2.066000 ms (FindLiveObjects: 0.204500 ms CreateObjectMapping: 0.054000 ms MarkObjects: 1.789400 ms  DeleteObjects: 0.016500 ms)

========================================================================
Received Prepare
Registering precompiled user dll's ...
Registered in 0.000881 seconds.
Begin MonoManager ReloadAssembly
Native extension for WindowsStandalone target not found
Refreshing native plugins compatible for Editor in 0.29 ms, found 0 plugins.
Preloading 0 native plugins for Editor in 0.00 ms.
Invoked RoslynAnalysisRunner static constructor.
RoslynAnalysisRunner will not be running.
RoslynAnalysisRunner has terminated.
Mono: successfully reloaded assembly
- Completed reload, in  0.989 seconds
Platform modules already initialized, skipping
Refreshing native plugins compatible for Editor in 0.28 ms, found 0 plugins.
Preloading 0 native plugins for Editor in 0.00 ms.
Unloading 1074 Unused Serialized files (Serialized files now loaded: 0)
System memory in use before: 59.6 MB.
System memory in use after: 59.7 MB.

Unloading 4 unused Assets to reduce memory usage. Loaded Objects now: 1620.
Total: 2.924900 ms (FindLiveObjects: 0.297200 ms CreateObjectMapping: 0.064800 ms MarkObjects: 2.533300 ms  DeleteObjects: 0.027100 ms)

========================================================================
Received Prepare
Registering precompiled user dll's ...
Registered in 0.000969 seconds.
Begin MonoManager ReloadAssembly
Native extension for WindowsStandalone target not found
Refreshing native plugins compatible for Editor in 0.30 ms, found 0 plugins.
Preloading 0 native plugins for Editor in 0.00 ms.
Invoked RoslynAnalysisRunner static constructor.
RoslynAnalysisRunner will not be running.
RoslynAnalysisRunner has terminated.
Mono: successfully reloaded assembly
- Completed reload, in  1.028 seconds
Platform modules already initialized, skipping
Refreshing native plugins compatible for Editor in 0.30 ms, found 0 plugins.
Preloading 0 native plugins for Editor in 0.00 ms.
Unloading 1074 Unused Serialized files (Serialized files now loaded: 0)
System memory in use before: 59.6 MB.
System memory in use after: 59.7 MB.

Unloading 4 unused Assets to reduce memory usage. Loaded Objects now: 1622.
Total: 2.229100 ms (FindLiveObjects: 0.224700 ms CreateObjectMapping: 0.055300 ms MarkObjects: 1.919400 ms  DeleteObjects: 0.026000 ms)

========================================================================
Received Prepare
Registering precompiled user dll's ...
Registered in 0.001008 seconds.
Begin MonoManager ReloadAssembly
Native extension for WindowsStandalone target not found
Refreshing native plugins compatible for Editor in 0.29 ms, found 0 plugins.
Preloading 0 native plugins for Editor in 0.00 ms.
Invoked RoslynAnalysisRunner static constructor.
RoslynAnalysisRunner will not be running.
RoslynAnalysisRunner has terminated.
Mono: successfully reloaded assembly
- Completed reload, in  1.031 seconds
Platform modules already initialized, skipping
Refreshing native plugins compatible for Editor in 0.35 ms, found 0 plugins.
Preloading 0 native plugins for Editor in 0.00 ms.
Unloading 1074 Unused Serialized files (Serialized files now loaded: 0)
System memory in use before: 59.6 MB.
System memory in use after: 59.7 MB.

Unloading 4 unused Assets to reduce memory usage. Loaded Objects now: 1624.
Total: 2.032500 ms (FindLiveObjects: 0.271100 ms CreateObjectMapping: 0.056700 ms MarkObjects: 1.686400 ms  DeleteObjects: 0.016700 ms)

========================================================================
Received Prepare
Registering precompiled user dll's ...
Registered in 0.000909 seconds.
Begin MonoManager ReloadAssembly
Native extension for WindowsStandalone target not found
Refreshing native plugins compatible for Editor in 0.44 ms, found 0 plugins.
Preloading 0 native plugins for Editor in 0.00 ms.
Invoked RoslynAnalysisRunner static constructor.
RoslynAnalysisRunner will not be running.
RoslynAnalysisRunner has terminated.
Mono: successfully reloaded assembly
- Completed reload, in  1.026 seconds
Platform modules already initialized, skipping
Refreshing native plugins compatible for Editor in 0.30 ms, found 0 plugins.
Preloading 0 native plugins for Editor in 0.00 ms.
Unloading 1074 Unused Serialized files (Serialized files now loaded: 0)
System memory in use before: 59.6 MB.
System memory in use after: 59.7 MB.

Unloading 4 unused Assets to reduce memory usage. Loaded Objects now: 1626.
Total: 1.993100 ms (FindLiveObjects: 0.258500 ms CreateObjectMapping: 0.062000 ms MarkObjects: 1.653300 ms  DeleteObjects: 0.017700 ms)

========================================================================
Received Prepare
Registering precompiled user dll's ...
Registered in 0.001227 seconds.
Begin MonoManager ReloadAssembly
Native extension for WindowsStandalone target not found
Refreshing native plugins compatible for Editor in 0.30 ms, found 0 plugins.
Preloading 0 native plugins for Editor in 0.00 ms.
Invoked RoslynAnalysisRunner static constructor.
RoslynAnalysisRunner will not be running.
RoslynAnalysisRunner has terminated.
Mono: successfully reloaded assembly
- Completed reload, in  1.025 seconds
Platform modules already initialized, skipping
Refreshing native plugins compatible for Editor in 0.28 ms, found 0 plugins.
Preloading 0 native plugins for Editor in 0.00 ms.
Unloading 1074 Unused Serialized files (Serialized files now loaded: 0)
System memory in use before: 59.6 MB.
System memory in use after: 59.7 MB.

Unloading 4 unused Assets to reduce memory usage. Loaded Objects now: 1628.
Total: 1.871400 ms (FindLiveObjects: 0.176800 ms CreateObjectMapping: 0.051600 ms MarkObjects: 1.625400 ms  DeleteObjects: 0.016300 ms)

========================================================================
Received Import Request.
  Time since last request: 1877.797406 seconds.
  path: Assets/Prefabs/Tile/Terrain/Forest/ForestContent.prefab
  artifactKey: Guid(35b9e7ea849876f44815101080c5145f) Importer(815301076,1909f56bfc062723c751e8b465ee728b)
Start importing Assets/Prefabs/Tile/Terrain/Forest/ForestContent.prefab using Guid(35b9e7ea849876f44815101080c5145f) Importer(815301076,1909f56bfc062723c751e8b465ee728b)  -> (artifact id: 'c03eaedf107371be29209e435d85fd70') in 0.078268 seconds
  Import took 0.080706 seconds .

========================================================================
Received Import Request.
  Time since last request: 0.000397 seconds.
  path: Assets/Prefabs/Tile/Terrain/Forest/ForestTile.prefab
  artifactKey: Guid(25760f2eeeb91514094a539344add44b) Importer(815301076,1909f56bfc062723c751e8b465ee728b)
Start importing Assets/Prefabs/Tile/Terrain/Forest/ForestTile.prefab using Guid(25760f2eeeb91514094a539344add44b) Importer(815301076,1909f56bfc062723c751e8b465ee728b)  -> (artifact id: '723cdf6f99edbaeac043a4769df31b42') in 0.020384 seconds
  Import took 0.022701 seconds .

========================================================================
Received Import Request.
  Time since last request: 42.048752 seconds.
  path: Assets/Prefabs/Tile/Terrain/Grass/GrassTile.prefab
  artifactKey: Guid(627a5b50b2c1a114a9ec354bd15a6213) Importer(815301076,1909f56bfc062723c751e8b465ee728b)
Start importing Assets/Prefabs/Tile/Terrain/Grass/GrassTile.prefab using Guid(627a5b50b2c1a114a9ec354bd15a6213) Importer(815301076,1909f56bfc062723c751e8b465ee728b)  -> (artifact id: 'ec74969d3488f0d9f472afd4220a364a') in 0.041885 seconds
  Import took 0.044872 seconds .

========================================================================
Received Import Request.
  Time since last request: 0.002414 seconds.
  path: Assets/Prefabs/Tile/Terrain/Grass/GrassTile.prefab
  artifactKey: Guid(627a5b50b2c1a114a9ec354bd15a6213) Importer(815301076,1909f56bfc062723c751e8b465ee728b)
Start importing Assets/Prefabs/Tile/Terrain/Grass/GrassTile.prefab using Guid(627a5b50b2c1a114a9ec354bd15a6213) Importer(815301076,1909f56bfc062723c751e8b465ee728b)  -> (artifact id: 'ec74969d3488f0d9f472afd4220a364a') in 0.022118 seconds
  Import took 0.025256 seconds .

========================================================================
Received Prepare
Registering precompiled user dll's ...
Registered in 0.000832 seconds.
Begin MonoManager ReloadAssembly
Native extension for WindowsStandalone target not found
Refreshing native plugins compatible for Editor in 0.29 ms, found 0 plugins.
Preloading 0 native plugins for Editor in 0.00 ms.
Invoked RoslynAnalysisRunner static constructor.
RoslynAnalysisRunner will not be running.
RoslynAnalysisRunner has terminated.
Mono: successfully reloaded assembly
- Completed reload, in  1.033 seconds
Platform modules already initialized, skipping
Refreshing native plugins compatible for Editor in 0.27 ms, found 0 plugins.
Preloading 0 native plugins for Editor in 0.00 ms.
Unloading 1074 Unused Serialized files (Serialized files now loaded: 0)
System memory in use before: 59.7 MB.
System memory in use after: 59.8 MB.

Unloading 4 unused Assets to reduce memory usage. Loaded Objects now: 1631.
Total: 1.882300 ms (FindLiveObjects: 0.197000 ms CreateObjectMapping: 0.048600 ms MarkObjects: 1.620000 ms  DeleteObjects: 0.015300 ms)

========================================================================
Received Prepare
Registering precompiled user dll's ...
Registered in 0.000886 seconds.
Begin MonoManager ReloadAssembly
Native extension for WindowsStandalone target not found
Refreshing native plugins compatible for Editor in 0.35 ms, found 0 plugins.
Preloading 0 native plugins for Editor in 0.00 ms.
Invoked RoslynAnalysisRunner static constructor.
RoslynAnalysisRunner will not be running.
RoslynAnalysisRunner has terminated.
Mono: successfully reloaded assembly
- Completed reload, in  1.035 seconds
Platform modules already initialized, skipping
Refreshing native plugins compatible for Editor in 0.29 ms, found 0 plugins.
Preloading 0 native plugins for Editor in 0.00 ms.
Unloading 1074 Unused Serialized files (Serialized files now loaded: 0)
System memory in use before: 59.7 MB.
System memory in use after: 59.8 MB.

Unloading 4 unused Assets to reduce memory usage. Loaded Objects now: 1633.
Total: 2.175900 ms (FindLiveObjects: 0.264900 ms CreateObjectMapping: 0.061900 ms MarkObjects: 1.832700 ms  DeleteObjects: 0.014800 ms)

========================================================================
Received Prepare
Registering precompiled user dll's ...
Registered in 0.969601 seconds.
Begin MonoManager ReloadAssembly
Native extension for WindowsStandalone target not found
Refreshing native plugins compatible for Editor in 0.43 ms, found 0 plugins.
Preloading 0 native plugins for Editor in 0.00 ms.
Invoked RoslynAnalysisRunner static constructor.
RoslynAnalysisRunner will not be running.
RoslynAnalysisRunner has terminated.
Mono: successfully reloaded assembly
- Completed reload, in  3.177 seconds
Platform modules already initialized, skipping
Refreshing native plugins compatible for Editor in 0.36 ms, found 0 plugins.
Preloading 0 native plugins for Editor in 0.00 ms.
Unloading 1074 Unused Serialized files (Serialized files now loaded: 0)
System memory in use before: 59.7 MB.
System memory in use after: 59.8 MB.

Unloading 4 unused Assets to reduce memory usage. Loaded Objects now: 1635.
Total: 2.571500 ms (FindLiveObjects: 0.234200 ms CreateObjectMapping: 0.053300 ms MarkObjects: 2.195900 ms  DeleteObjects: 0.085900 ms)

AssetImportWorkerClient::OnTransportError - code=2 error=End of file
